#
# There is insufficient memory for the Java Runtime Environment to continue.
# Native memory allocation (malloc) failed to allocate 523968 bytes. Error detail: Chunk::new
# Possible reasons:
#   The system is out of physical RAM or swap space
#   This process is running with CompressedOops enabled, and the Java Heap may be blocking the growth of the native heap
# Possible solutions:
#   Reduce memory load on the system
#   Increase physical memory or swap space
#   Check if swap backing store is full
#   Decrease Java heap size (-Xmx/-Xms)
#   Decrease number of Java threads
#   Decrease Java thread stack sizes (-Xss)
#   Set larger code cache with -XX:ReservedCodeCacheSize=
#   JVM is running with Unscaled Compressed Oops mode in which the Java heap is
#     placed in the first 4GB address space. The Java Heap base address is the
#     maximum limit for the native heap growth. Please use -XX:HeapBaseMinAddress
#     to set the Java Heap base and to place the Java Heap above 4GB virtual address.
# This output file may be truncated or incomplete.
#
#  Out of Memory Error (arena.cpp:168), pid=5976, tid=22784
#
# JRE version: OpenJDK Runtime Environment Temurin-21.0.6+7 (21.0.6+7) (build 21.0.6+7-LTS)
# Java VM: OpenJDK 64-Bit Server VM Temurin-21.0.6+7 (21.0.6+7-LTS, mixed mode, sharing, tiered, compressed oops, compressed class ptrs, g1 gc, windows-amd64)
# No core dump will be written. Minidumps are not enabled by default on client versions of Windows
#

---------------  S U M M A R Y ------------

Command Line: -javaagent:C:\Program Files\JetBrains\IntelliJ IDEA Community Edition 2024.1.4\lib\idea_rt.jar=55118:C:\Program Files\JetBrains\IntelliJ IDEA Community Edition 2024.1.4\bin -Dfile.encoding=UTF-8 -Dsun.stdout.encoding=UTF-8 -Dsun.stderr.encoding=UTF-8 com.tts_app.App.AppApplication

Host: AMD Ryzen 5 5600H with Radeon Graphics         , 12 cores, 5G,  Windows 11 , 64 bit Build 22621 (10.0.22621.5124)
Time: Fri May  2 20:09:39 2025 India Standard Time elapsed time: 10.903769 seconds (0d 0h 0m 10s)

---------------  T H R E A D  ---------------

Current thread (0x0000017cd85b4290):  JavaThread "C2 CompilerThread1" daemon [_thread_in_native, id=22784, stack(0x00000031b1900000,0x00000031b1a00000) (1024K)]


Current CompileTask:
C2:10903 5426   !   4       java.lang.Class::getEnumConstantsShared (71 bytes)

Stack: [0x00000031b1900000,0x00000031b1a00000]
Native frames: (J=compiled Java code, j=interpreted, Vv=VM code, C=native code)
V  [jvm.dll+0x6cdee9]
V  [jvm.dll+0x8a83d1]
V  [jvm.dll+0x8aa8fe]
V  [jvm.dll+0x8aafe3]
V  [jvm.dll+0x27f706]
V  [jvm.dll+0xc500d]
V  [jvm.dll+0xc5543]
V  [jvm.dll+0x3b678c]
V  [jvm.dll+0x382935]
V  [jvm.dll+0x381d9a]
V  [jvm.dll+0x2479f0]
V  [jvm.dll+0x246fcf]
V  [jvm.dll+0x1c75ee]
V  [jvm.dll+0x25685a]
V  [jvm.dll+0x254dfa]
V  [jvm.dll+0x3f0256]
V  [jvm.dll+0x851f8b]
V  [jvm.dll+0x6cc5ed]
C  [ucrtbase.dll+0x29333]
C  [KERNEL32.DLL+0x1259d]
C  [ntdll.dll+0x5af38]


---------------  P R O C E S S  ---------------

Threads class SMR info:
_java_thread_list=0x0000017cd7786cc0, length=44, elements={
0x0000017c91195a20, 0x0000017c91196930, 0x0000017c911990c0, 0x0000017c9119e290,
0x0000017c911a1100, 0x0000017c911a1c80, 0x0000017c911ae040, 0x0000017c911d0d50,
0x0000017c912ae4b0, 0x0000017c914d7b40, 0x0000017c91557780, 0x0000017cd9394220,
0x0000017cd9392e70, 0x0000017cd9393b90, 0x0000017cd9393500, 0x0000017cd9392150,
0x0000017cd93948b0, 0x0000017cd9391430, 0x0000017cd9391ac0, 0x0000017cd80e8b80,
0x0000017cd80e98a0, 0x0000017cd80e84f0, 0x0000017cd80eac50, 0x0000017cd80ec000,
0x0000017cd80e9210, 0x0000017cd80e7140, 0x0000017cd80e77d0, 0x0000017cd80e6ab0,
0x0000017cd80e7e60, 0x0000017cd80ea5c0, 0x0000017cd80ed3b0, 0x0000017cd80ec690,
0x0000017cd80eb2e0, 0x0000017cd80e9f30, 0x0000017cd80eb970, 0x0000017cd80ecd20,
0x0000017cd80e6420, 0x0000017cd80eda40, 0x0000017cd8cd5410, 0x0000017cd8cd5aa0,
0x0000017cd8cd74e0, 0x0000017cd8cd6130, 0x0000017cd8cd4d80, 0x0000017cd85b4290
}

Java Threads: ( => current thread )
  0x0000017c91195a20 JavaThread "Reference Handler"          daemon [_thread_blocked, id=25208, stack(0x00000031b0900000,0x00000031b0a00000) (1024K)]
  0x0000017c91196930 JavaThread "Finalizer"                  daemon [_thread_blocked, id=19328, stack(0x00000031b0a00000,0x00000031b0b00000) (1024K)]
  0x0000017c911990c0 JavaThread "Signal Dispatcher"          daemon [_thread_blocked, id=25392, stack(0x00000031b0b00000,0x00000031b0c00000) (1024K)]
  0x0000017c9119e290 JavaThread "Attach Listener"            daemon [_thread_blocked, id=26312, stack(0x00000031b0c00000,0x00000031b0d00000) (1024K)]
  0x0000017c911a1100 JavaThread "Service Thread"             daemon [_thread_blocked, id=15428, stack(0x00000031b0d00000,0x00000031b0e00000) (1024K)]
  0x0000017c911a1c80 JavaThread "Monitor Deflation Thread"   daemon [_thread_blocked, id=24248, stack(0x00000031b0e00000,0x00000031b0f00000) (1024K)]
  0x0000017c911ae040 JavaThread "C2 CompilerThread0"         daemon [_thread_in_native, id=24796, stack(0x00000031b0f00000,0x00000031b1000000) (1024K)]
  0x0000017c911d0d50 JavaThread "C1 CompilerThread0"         daemon [_thread_blocked, id=10828, stack(0x00000031b1000000,0x00000031b1100000) (1024K)]
  0x0000017c912ae4b0 JavaThread "Common-Cleaner"             daemon [_thread_blocked, id=18196, stack(0x00000031b1100000,0x00000031b1200000) (1024K)]
  0x0000017c914d7b40 JavaThread "Monitor Ctrl-Break"         daemon [_thread_in_native, id=11844, stack(0x00000031b1200000,0x00000031b1300000) (1024K)]
  0x0000017c91557780 JavaThread "Notification Thread"        daemon [_thread_blocked, id=18084, stack(0x00000031b1300000,0x00000031b1400000) (1024K)]
  0x0000017cd9394220 JavaThread "Catalina-utility-1"                [_thread_blocked, id=19348, stack(0x00000031b2100000,0x00000031b2200000) (1024K)]
  0x0000017cd9392e70 JavaThread "Catalina-utility-2"                [_thread_blocked, id=21240, stack(0x00000031b2200000,0x00000031b2300000) (1024K)]
  0x0000017cd9393b90 JavaThread "container-0"                       [_thread_blocked, id=2444, stack(0x00000031b2300000,0x00000031b2400000) (1024K)]
  0x0000017cd9393500 JavaThread "PostgreSQL-JDBC-Cleaner"    daemon [_thread_blocked, id=25008, stack(0x00000031b2500000,0x00000031b2600000) (1024K)]
  0x0000017cd9392150 JavaThread "HikariPool-1 housekeeper"   daemon [_thread_blocked, id=11424, stack(0x00000031b2600000,0x00000031b2700000) (1024K)]
  0x0000017cd93948b0 JavaThread "HikariPool-1 connection adder" daemon [_thread_blocked, id=12604, stack(0x00000031b2700000,0x00000031b2800000) (1024K)]
  0x0000017cd9391430 JavaThread "reactor-http-nio-1"         daemon [_thread_in_native, id=19992, stack(0x00000031b2800000,0x00000031b2900000) (1024K)]
  0x0000017cd9391ac0 JavaThread "reactor-http-nio-2"         daemon [_thread_in_native, id=25724, stack(0x00000031b2900000,0x00000031b2a00000) (1024K)]
  0x0000017cd80e8b80 JavaThread "reactor-http-nio-3"         daemon [_thread_in_native, id=3492, stack(0x00000031b2a00000,0x00000031b2b00000) (1024K)]
  0x0000017cd80e98a0 JavaThread "reactor-http-nio-4"         daemon [_thread_in_native, id=25224, stack(0x00000031b2b00000,0x00000031b2c00000) (1024K)]
  0x0000017cd80e84f0 JavaThread "reactor-http-nio-5"         daemon [_thread_in_native, id=24260, stack(0x00000031b2c00000,0x00000031b2d00000) (1024K)]
  0x0000017cd80eac50 JavaThread "reactor-http-nio-6"         daemon [_thread_in_native, id=26404, stack(0x00000031b2d00000,0x00000031b2e00000) (1024K)]
  0x0000017cd80ec000 JavaThread "reactor-http-nio-7"         daemon [_thread_in_native, id=9900, stack(0x00000031b2e00000,0x00000031b2f00000) (1024K)]
  0x0000017cd80e9210 JavaThread "reactor-http-nio-8"         daemon [_thread_in_native, id=14804, stack(0x00000031b2f00000,0x00000031b3000000) (1024K)]
  0x0000017cd80e7140 JavaThread "reactor-http-nio-9"         daemon [_thread_in_native, id=15028, stack(0x00000031b3000000,0x00000031b3100000) (1024K)]
  0x0000017cd80e77d0 JavaThread "reactor-http-nio-10"        daemon [_thread_in_native, id=16512, stack(0x00000031b3100000,0x00000031b3200000) (1024K)]
  0x0000017cd80e6ab0 JavaThread "reactor-http-nio-11"        daemon [_thread_in_native, id=10520, stack(0x00000031b3200000,0x00000031b3300000) (1024K)]
  0x0000017cd80e7e60 JavaThread "reactor-http-nio-12"        daemon [_thread_in_native, id=11204, stack(0x00000031b3300000,0x00000031b3400000) (1024K)]
  0x0000017cd80ea5c0 JavaThread "Jndi-Dns-address-change-listener" daemon [_thread_in_native, id=25548, stack(0x00000031b3400000,0x00000031b3500000) (1024K)]
  0x0000017cd80ed3b0 JavaThread "http-nio-8080-exec-1"       daemon [_thread_in_vm, id=4676, stack(0x00000031b3500000,0x00000031b3600000) (1024K)]
  0x0000017cd80ec690 JavaThread "http-nio-8080-exec-2"       daemon [_thread_blocked, id=25960, stack(0x00000031b3600000,0x00000031b3700000) (1024K)]
  0x0000017cd80eb2e0 JavaThread "http-nio-8080-exec-3"       daemon [_thread_blocked, id=27296, stack(0x00000031b3700000,0x00000031b3800000) (1024K)]
  0x0000017cd80e9f30 JavaThread "http-nio-8080-exec-4"       daemon [_thread_blocked, id=11232, stack(0x00000031b3800000,0x00000031b3900000) (1024K)]
  0x0000017cd80eb970 JavaThread "http-nio-8080-exec-5"       daemon [_thread_blocked, id=24944, stack(0x00000031b3900000,0x00000031b3a00000) (1024K)]
  0x0000017cd80ecd20 JavaThread "http-nio-8080-exec-6"       daemon [_thread_blocked, id=19512, stack(0x00000031b3a00000,0x00000031b3b00000) (1024K)]
  0x0000017cd80e6420 JavaThread "http-nio-8080-exec-7"       daemon [_thread_blocked, id=18964, stack(0x00000031b3b00000,0x00000031b3c00000) (1024K)]
  0x0000017cd80eda40 JavaThread "http-nio-8080-exec-8"       daemon [_thread_blocked, id=4980, stack(0x00000031b3c00000,0x00000031b3d00000) (1024K)]
  0x0000017cd8cd5410 JavaThread "http-nio-8080-exec-9"       daemon [_thread_blocked, id=11240, stack(0x00000031b3d00000,0x00000031b3e00000) (1024K)]
  0x0000017cd8cd5aa0 JavaThread "http-nio-8080-exec-10"      daemon [_thread_blocked, id=7056, stack(0x00000031b3e00000,0x00000031b3f00000) (1024K)]
  0x0000017cd8cd74e0 JavaThread "http-nio-8080-Poller"       daemon [_thread_in_native, id=18164, stack(0x00000031b3f00000,0x00000031b4000000) (1024K)]
  0x0000017cd8cd6130 JavaThread "http-nio-8080-Acceptor"     daemon [_thread_in_native, id=23928, stack(0x00000031b4000000,0x00000031b4100000) (1024K)]
  0x0000017cd8cd4d80 JavaThread "DestroyJavaVM"                     [_thread_blocked, id=23184, stack(0x00000031b0100000,0x00000031b0200000) (1024K)]
=>0x0000017cd85b4290 JavaThread "C2 CompilerThread1"         daemon [_thread_in_native, id=22784, stack(0x00000031b1900000,0x00000031b1a00000) (1024K)]
Total: 44

Other Threads:
  0x0000017c9117e0c0 VMThread "VM Thread"                           [id=25140, stack(0x00000031b0800000,0x00000031b0900000) (1024K)]
  0x0000017c91169c30 WatcherThread "VM Periodic Task Thread"        [id=23740, stack(0x00000031b0700000,0x00000031b0800000) (1024K)]
  0x0000017cf4afd110 WorkerThread "GC Thread#0"                     [id=16400, stack(0x00000031b0200000,0x00000031b0300000) (1024K)]
  0x0000017c91d6b730 WorkerThread "GC Thread#1"                     [id=25864, stack(0x00000031b1400000,0x00000031b1500000) (1024K)]
  0x0000017c91c1dd20 WorkerThread "GC Thread#2"                     [id=11244, stack(0x00000031b1500000,0x00000031b1600000) (1024K)]
  0x0000017cd7376990 WorkerThread "GC Thread#3"                     [id=19212, stack(0x00000031b1600000,0x00000031b1700000) (1024K)]
  0x0000017cd7399b50 WorkerThread "GC Thread#4"                     [id=25428, stack(0x00000031b1700000,0x00000031b1800000) (1024K)]
  0x0000017cd7399ef0 WorkerThread "GC Thread#5"                     [id=23688, stack(0x00000031b1800000,0x00000031b1900000) (1024K)]
  0x0000017cd7ad8bf0 WorkerThread "GC Thread#6"                     [id=14400, stack(0x00000031b1a00000,0x00000031b1b00000) (1024K)]
  0x0000017cd76de700 WorkerThread "GC Thread#7"                     [id=19796, stack(0x00000031b1b00000,0x00000031b1c00000) (1024K)]
  0x0000017cd7826890 WorkerThread "GC Thread#8"                     [id=20720, stack(0x00000031b1c00000,0x00000031b1d00000) (1024K)]
  0x0000017cd7827440 WorkerThread "GC Thread#9"                     [id=21824, stack(0x00000031b1d00000,0x00000031b1e00000) (1024K)]
  0x0000017cf4b0a480 ConcurrentGCThread "G1 Main Marker"            [id=1236, stack(0x00000031b0300000,0x00000031b0400000) (1024K)]
  0x0000017cf4b0b130 WorkerThread "G1 Conc#0"                       [id=18348, stack(0x00000031b0400000,0x00000031b0500000) (1024K)]
  0x0000017cd78df440 WorkerThread "G1 Conc#1"                       [id=27284, stack(0x00000031b1e00000,0x00000031b1f00000) (1024K)]
  0x0000017cd78df7e0 WorkerThread "G1 Conc#2"                       [id=4372, stack(0x00000031b1f00000,0x00000031b2000000) (1024K)]
  0x0000017c9103ad20 ConcurrentGCThread "G1 Refine#0"               [id=22116, stack(0x00000031b0500000,0x00000031b0600000) (1024K)]
  0x0000017c9103b7a0 ConcurrentGCThread "G1 Service"                [id=18948, stack(0x00000031b0600000,0x00000031b0700000) (1024K)]
Total: 18

Threads with active compile tasks:
C2 CompilerThread0  10928 5427       4       java.util.EnumSet::noneOf (63 bytes)
C2 CompilerThread1  10928 5426   !   4       java.lang.Class::getEnumConstantsShared (71 bytes)
Total: 2

VM state: not at safepoint (normal execution)

VM Mutex/Monitor currently owned by a thread:  ([mutex/lock_event])
[0x00007ffc72bec300] Metaspace_lock - owner thread: 0x0000017cd80ed3b0

Heap address: 0x00000000a2400000, size: 1500 MB, Compressed Oops mode: 32-bit

CDS archive(s) mapped at: [0x0000017c92000000-0x0000017c92c80000-0x0000017c92c80000), size 13107200, SharedBaseAddress: 0x0000017c92000000, ArchiveRelocationMode: 1.
Compressed class space mapped at: 0x0000017c93000000-0x0000017cd3000000, reserved size: 1073741824
Narrow klass base: 0x0000017c92000000, Narrow klass shift: 0, Narrow klass range: 0x100000000

GC Precious Log:
 CardTable entry size: 512
 Card Set container configuration: InlinePtr #cards 5 size 8 Array Of Cards #cards 12 size 40 Howl #buckets 4 coarsen threshold 1843 Howl Bitmap #cards 512 size 80 coarsen threshold 460 Card regions per heap region 1 cards per card region 2048
 CPUs: 12 total, 12 available
 Memory: 5996M
 Large Page Support: Disabled
 NUMA Support: Disabled
 Compressed Oops: Enabled (32-bit)
 Heap Region Size: 1M
 Heap Min Capacity: 8M
 Heap Initial Capacity: 94M
 Heap Max Capacity: 1500M
 Pre-touch: Disabled
 Parallel Workers: 10
 Concurrent Workers: 3
 Concurrent Refinement Workers: 10
 Periodic GC: Disabled

Heap:
 garbage-first heap   total 78848K, used 55986K [0x00000000a2400000, 0x0000000100000000)
  region size 1024K, 29 young (29696K), 4 survivors (4096K)
 Metaspace       used 67401K, committed 68032K, reserved 1114112K
  class space    used 8857K, committed 9152K, reserved 1048576K

Heap Regions: E=young(eden), S=young(survivor), O=old, HS=humongous(starts), HC=humongous(continues), CS=collection set, F=free, TAMS=top-at-mark-start, PB=parsable bottom
|   0|0x00000000a2400000, 0x00000000a2500000, 0x00000000a2500000|100%|HS|  |TAMS 0x00000000a2400000| PB 0x00000000a2400000| Complete 
|   1|0x00000000a2500000, 0x00000000a2600000, 0x00000000a2600000|100%|HS|  |TAMS 0x00000000a2500000| PB 0x00000000a2500000| Complete 
|   2|0x00000000a2600000, 0x00000000a2700000, 0x00000000a2700000|100%| O|  |TAMS 0x00000000a2600000| PB 0x00000000a2600000| Untracked 
|   3|0x00000000a2700000, 0x00000000a2800000, 0x00000000a2800000|100%| O|  |TAMS 0x00000000a2700000| PB 0x00000000a2700000| Untracked 
|   4|0x00000000a2800000, 0x00000000a2900000, 0x00000000a2900000|100%| O|  |TAMS 0x00000000a2800000| PB 0x00000000a2800000| Untracked 
|   5|0x00000000a2900000, 0x00000000a2a00000, 0x00000000a2a00000|100%| O|  |TAMS 0x00000000a2900000| PB 0x00000000a2900000| Untracked 
|   6|0x00000000a2a00000, 0x00000000a2b00000, 0x00000000a2b00000|100%| O|  |TAMS 0x00000000a2a00000| PB 0x00000000a2a00000| Untracked 
|   7|0x00000000a2b00000, 0x00000000a2c00000, 0x00000000a2c00000|100%| O|  |TAMS 0x00000000a2b00000| PB 0x00000000a2b00000| Untracked 
|   8|0x00000000a2c00000, 0x00000000a2d00000, 0x00000000a2d00000|100%| O|  |TAMS 0x00000000a2c00000| PB 0x00000000a2c00000| Untracked 
|   9|0x00000000a2d00000, 0x00000000a2e00000, 0x00000000a2e00000|100%| O|  |TAMS 0x00000000a2d00000| PB 0x00000000a2d00000| Untracked 
|  10|0x00000000a2e00000, 0x00000000a2f00000, 0x00000000a2f00000|100%| O|  |TAMS 0x00000000a2e00000| PB 0x00000000a2e00000| Untracked 
|  11|0x00000000a2f00000, 0x00000000a3000000, 0x00000000a3000000|100%| O|  |TAMS 0x00000000a2f00000| PB 0x00000000a2f00000| Untracked 
|  12|0x00000000a3000000, 0x00000000a3100000, 0x00000000a3100000|100%| O|  |TAMS 0x00000000a3000000| PB 0x00000000a3000000| Untracked 
|  13|0x00000000a3100000, 0x00000000a3200000, 0x00000000a3200000|100%| O|  |TAMS 0x00000000a3100000| PB 0x00000000a3100000| Untracked 
|  14|0x00000000a3200000, 0x00000000a3300000, 0x00000000a3300000|100%| O|  |TAMS 0x00000000a3200000| PB 0x00000000a3200000| Untracked 
|  15|0x00000000a3300000, 0x00000000a3400000, 0x00000000a3400000|100%| O|  |TAMS 0x00000000a3300000| PB 0x00000000a3300000| Untracked 
|  16|0x00000000a3400000, 0x00000000a3500000, 0x00000000a3500000|100%| O|  |TAMS 0x00000000a3400000| PB 0x00000000a3400000| Untracked 
|  17|0x00000000a3500000, 0x00000000a3600000, 0x00000000a3600000|100%| O|  |TAMS 0x00000000a3500000| PB 0x00000000a3500000| Untracked 
|  18|0x00000000a3600000, 0x00000000a3700000, 0x00000000a3700000|100%| O|  |TAMS 0x00000000a3600000| PB 0x00000000a3600000| Untracked 
|  19|0x00000000a3700000, 0x00000000a3800000, 0x00000000a3800000|100%| O|  |TAMS 0x00000000a3700000| PB 0x00000000a3700000| Untracked 
|  20|0x00000000a3800000, 0x00000000a3900000, 0x00000000a3900000|100%| O|  |TAMS 0x00000000a3800000| PB 0x00000000a3800000| Untracked 
|  21|0x00000000a3900000, 0x00000000a3a00000, 0x00000000a3a00000|100%| O|  |TAMS 0x00000000a3900000| PB 0x00000000a3900000| Untracked 
|  22|0x00000000a3a00000, 0x00000000a3b00000, 0x00000000a3b00000|100%| O|  |TAMS 0x00000000a3a00000| PB 0x00000000a3a00000| Untracked 
|  23|0x00000000a3b00000, 0x00000000a3c00000, 0x00000000a3c00000|100%| O|  |TAMS 0x00000000a3b00000| PB 0x00000000a3b00000| Untracked 
|  24|0x00000000a3c00000, 0x00000000a3d00000, 0x00000000a3d00000|100%| O|  |TAMS 0x00000000a3c00000| PB 0x00000000a3c00000| Untracked 
|  25|0x00000000a3d00000, 0x00000000a3e00000, 0x00000000a3e00000|100%| O|  |TAMS 0x00000000a3d00000| PB 0x00000000a3d00000| Untracked 
|  26|0x00000000a3e00000, 0x00000000a3f00000, 0x00000000a3f00000|100%| O|Cm|TAMS 0x00000000a3e00000| PB 0x00000000a3e00000| Complete 
|  27|0x00000000a3f00000, 0x00000000a4000000, 0x00000000a4000000|100%| O|  |TAMS 0x00000000a3f00000| PB 0x00000000a3f00000| Untracked 
|  28|0x00000000a4000000, 0x00000000a4000000, 0x00000000a4100000|  0%| F|  |TAMS 0x00000000a4000000| PB 0x00000000a4000000| Untracked 
|  29|0x00000000a4100000, 0x00000000a4100000, 0x00000000a4200000|  0%| F|  |TAMS 0x00000000a4100000| PB 0x00000000a4100000| Untracked 
|  30|0x00000000a4200000, 0x00000000a4200000, 0x00000000a4300000|  0%| F|  |TAMS 0x00000000a4200000| PB 0x00000000a4200000| Untracked 
|  31|0x00000000a4300000, 0x00000000a4324a80, 0x00000000a4400000| 14%| O|  |TAMS 0x00000000a4300000| PB 0x00000000a4300000| Untracked 
|  32|0x00000000a4400000, 0x00000000a4400000, 0x00000000a4500000|  0%| F|  |TAMS 0x00000000a4400000| PB 0x00000000a4400000| Untracked 
|  33|0x00000000a4500000, 0x00000000a4500000, 0x00000000a4600000|  0%| F|  |TAMS 0x00000000a4500000| PB 0x00000000a4500000| Untracked 
|  34|0x00000000a4600000, 0x00000000a4600000, 0x00000000a4700000|  0%| F|  |TAMS 0x00000000a4600000| PB 0x00000000a4600000| Untracked 
|  35|0x00000000a4700000, 0x00000000a4700000, 0x00000000a4800000|  0%| F|  |TAMS 0x00000000a4700000| PB 0x00000000a4700000| Untracked 
|  36|0x00000000a4800000, 0x00000000a4800000, 0x00000000a4900000|  0%| F|  |TAMS 0x00000000a4800000| PB 0x00000000a4800000| Untracked 
|  37|0x00000000a4900000, 0x00000000a4900000, 0x00000000a4a00000|  0%| F|  |TAMS 0x00000000a4900000| PB 0x00000000a4900000| Untracked 
|  38|0x00000000a4a00000, 0x00000000a4a87f50, 0x00000000a4b00000| 53%| S|CS|TAMS 0x00000000a4a00000| PB 0x00000000a4a00000| Complete 
|  39|0x00000000a4b00000, 0x00000000a4c00000, 0x00000000a4c00000|100%| S|CS|TAMS 0x00000000a4b00000| PB 0x00000000a4b00000| Complete 
|  40|0x00000000a4c00000, 0x00000000a4d00000, 0x00000000a4d00000|100%| S|CS|TAMS 0x00000000a4c00000| PB 0x00000000a4c00000| Complete 
|  41|0x00000000a4d00000, 0x00000000a4e00000, 0x00000000a4e00000|100%| S|CS|TAMS 0x00000000a4d00000| PB 0x00000000a4d00000| Complete 
|  42|0x00000000a4e00000, 0x00000000a4e00000, 0x00000000a4f00000|  0%| F|  |TAMS 0x00000000a4e00000| PB 0x00000000a4e00000| Untracked 
|  43|0x00000000a4f00000, 0x00000000a4f00000, 0x00000000a5000000|  0%| F|  |TAMS 0x00000000a4f00000| PB 0x00000000a4f00000| Untracked 
|  44|0x00000000a5000000, 0x00000000a5000000, 0x00000000a5100000|  0%| F|  |TAMS 0x00000000a5000000| PB 0x00000000a5000000| Untracked 
|  45|0x00000000a5100000, 0x00000000a5100000, 0x00000000a5200000|  0%| F|  |TAMS 0x00000000a5100000| PB 0x00000000a5100000| Untracked 
|  46|0x00000000a5200000, 0x00000000a5200000, 0x00000000a5300000|  0%| F|  |TAMS 0x00000000a5200000| PB 0x00000000a5200000| Untracked 
|  47|0x00000000a5300000, 0x00000000a5300000, 0x00000000a5400000|  0%| F|  |TAMS 0x00000000a5300000| PB 0x00000000a5300000| Untracked 
|  48|0x00000000a5400000, 0x00000000a5400000, 0x00000000a5500000|  0%| F|  |TAMS 0x00000000a5400000| PB 0x00000000a5400000| Untracked 
|  49|0x00000000a5500000, 0x00000000a5500000, 0x00000000a5600000|  0%| F|  |TAMS 0x00000000a5500000| PB 0x00000000a5500000| Untracked 
|  50|0x00000000a5600000, 0x00000000a5600000, 0x00000000a5700000|  0%| F|  |TAMS 0x00000000a5600000| PB 0x00000000a5600000| Untracked 
|  51|0x00000000a5700000, 0x00000000a5700000, 0x00000000a5800000|  0%| F|  |TAMS 0x00000000a5700000| PB 0x00000000a5700000| Untracked 
|  52|0x00000000a5800000, 0x00000000a58d5350, 0x00000000a5900000| 83%| E|  |TAMS 0x00000000a5800000| PB 0x00000000a5800000| Complete 
|  53|0x00000000a5900000, 0x00000000a59fca10, 0x00000000a5a00000| 98%| E|  |TAMS 0x00000000a5900000| PB 0x00000000a5900000| Complete 
|  54|0x00000000a5a00000, 0x00000000a5b00000, 0x00000000a5b00000|100%| E|CS|TAMS 0x00000000a5a00000| PB 0x00000000a5a00000| Complete 
|  55|0x00000000a5b00000, 0x00000000a5c00000, 0x00000000a5c00000|100%| E|CS|TAMS 0x00000000a5b00000| PB 0x00000000a5b00000| Complete 
|  56|0x00000000a5c00000, 0x00000000a5d00000, 0x00000000a5d00000|100%| E|CS|TAMS 0x00000000a5c00000| PB 0x00000000a5c00000| Complete 
|  57|0x00000000a5d00000, 0x00000000a5e00000, 0x00000000a5e00000|100%| E|CS|TAMS 0x00000000a5d00000| PB 0x00000000a5d00000| Complete 
|  58|0x00000000a5e00000, 0x00000000a5f00000, 0x00000000a5f00000|100%| E|CS|TAMS 0x00000000a5e00000| PB 0x00000000a5e00000| Complete 
|  59|0x00000000a5f00000, 0x00000000a6000000, 0x00000000a6000000|100%| E|CS|TAMS 0x00000000a5f00000| PB 0x00000000a5f00000| Complete 
|  60|0x00000000a6000000, 0x00000000a6100000, 0x00000000a6100000|100%| E|CS|TAMS 0x00000000a6000000| PB 0x00000000a6000000| Complete 
|  61|0x00000000a6100000, 0x00000000a6200000, 0x00000000a6200000|100%| E|CS|TAMS 0x00000000a6100000| PB 0x00000000a6100000| Complete 
|  62|0x00000000a6200000, 0x00000000a6300000, 0x00000000a6300000|100%| E|CS|TAMS 0x00000000a6200000| PB 0x00000000a6200000| Complete 
|  63|0x00000000a6300000, 0x00000000a6400000, 0x00000000a6400000|100%| E|CS|TAMS 0x00000000a6300000| PB 0x00000000a6300000| Complete 
|  64|0x00000000a6400000, 0x00000000a6500000, 0x00000000a6500000|100%| E|CS|TAMS 0x00000000a6400000| PB 0x00000000a6400000| Complete 
|  65|0x00000000a6500000, 0x00000000a6600000, 0x00000000a6600000|100%| E|CS|TAMS 0x00000000a6500000| PB 0x00000000a6500000| Complete 
|  66|0x00000000a6600000, 0x00000000a6700000, 0x00000000a6700000|100%| E|CS|TAMS 0x00000000a6600000| PB 0x00000000a6600000| Complete 
|  67|0x00000000a6700000, 0x00000000a6800000, 0x00000000a6800000|100%| E|CS|TAMS 0x00000000a6700000| PB 0x00000000a6700000| Complete 
|  68|0x00000000a6800000, 0x00000000a6900000, 0x00000000a6900000|100%| E|CS|TAMS 0x00000000a6800000| PB 0x00000000a6800000| Complete 
|  69|0x00000000a6900000, 0x00000000a6a00000, 0x00000000a6a00000|100%| E|CS|TAMS 0x00000000a6900000| PB 0x00000000a6900000| Complete 
|  70|0x00000000a6a00000, 0x00000000a6b00000, 0x00000000a6b00000|100%| E|CS|TAMS 0x00000000a6a00000| PB 0x00000000a6a00000| Complete 
|  71|0x00000000a6b00000, 0x00000000a6c00000, 0x00000000a6c00000|100%| E|CS|TAMS 0x00000000a6b00000| PB 0x00000000a6b00000| Complete 
|  72|0x00000000a6c00000, 0x00000000a6d00000, 0x00000000a6d00000|100%| E|CS|TAMS 0x00000000a6c00000| PB 0x00000000a6c00000| Complete 
|  73|0x00000000a6d00000, 0x00000000a6e00000, 0x00000000a6e00000|100%| E|CS|TAMS 0x00000000a6d00000| PB 0x00000000a6d00000| Complete 
|  81|0x00000000a7500000, 0x00000000a7600000, 0x00000000a7600000|100%| E|CS|TAMS 0x00000000a7500000| PB 0x00000000a7500000| Complete 
|  82|0x00000000a7600000, 0x00000000a7700000, 0x00000000a7700000|100%| E|CS|TAMS 0x00000000a7600000| PB 0x00000000a7600000| Complete 
|  93|0x00000000a8100000, 0x00000000a8200000, 0x00000000a8200000|100%| E|CS|TAMS 0x00000000a8100000| PB 0x00000000a8100000| Complete 

Card table byte_map: [0x0000017cfd9d0000,0x0000017cfdcc0000] _byte_map_base: 0x0000017cfd4be000

Marking Bits: (CMBitMap*) 0x0000017cf4afd810
 Bits: [0x0000017cfdcc0000, 0x0000017cff430000)

Polling page: 0x0000017cf28b0000

Metaspace:

Usage:
  Non-class:     57.17 MB used.
      Class:      8.65 MB used.
       Both:     65.82 MB used.

Virtual space:
  Non-class space:       64.00 MB reserved,      57.50 MB ( 90%) committed,  1 nodes.
      Class space:        1.00 GB reserved,       8.94 MB ( <1%) committed,  1 nodes.
             Both:        1.06 GB reserved,      66.44 MB (  6%) committed. 

Chunk freelists:
   Non-Class:  6.31 MB
       Class:  7.06 MB
        Both:  13.38 MB

MaxMetaspaceSize: unlimited
CompressedClassSpaceSize: 1.00 GB
Initial GC threshold: 21.00 MB
Current GC threshold: 98.44 MB
CDS: on
 - commit_granule_bytes: 65536.
 - commit_granule_words: 8192.
 - virtual_space_node_default_size: 8388608.
 - enlarge_chunks_in_place: 1.
 - use_allocation_guard: 0.


Internal statistics:

num_allocs_failed_limit: 9.
num_arena_births: 964.
num_arena_deaths: 0.
num_vsnodes_births: 2.
num_vsnodes_deaths: 0.
num_space_committed: 1063.
num_space_uncommitted: 0.
num_chunks_returned_to_freelist: 9.
num_chunks_taken_from_freelist: 3344.
num_chunk_merges: 9.
num_chunk_splits: 2429.
num_chunks_enlarged: 1920.
num_inconsistent_stats: 0.

CodeHeap 'non-profiled nmethods': size=120000Kb used=3970Kb max_used=4045Kb free=116029Kb
 bounds [0x0000017c87ad0000, 0x0000017c87ed0000, 0x0000017c8f000000]
CodeHeap 'profiled nmethods': size=120000Kb used=9485Kb max_used=10190Kb free=110514Kb
 bounds [0x0000017c80000000, 0x0000017c80a00000, 0x0000017c87530000]
CodeHeap 'non-nmethods': size=5760Kb used=1616Kb max_used=1637Kb free=4144Kb
 bounds [0x0000017c87530000, 0x0000017c877a0000, 0x0000017c87ad0000]
 total_blobs=5440 nmethods=4772 adapters=571
 compilation: enabled
              stopped_count=0, restarted_count=0
 full_count=0

Compilation events (20 events):
Event: 10.878 Thread 0x0000017c911d0d50 nmethod 5420 0x0000017c80445110 code [0x0000017c804452c0, 0x0000017c80445448]
Event: 10.878 Thread 0x0000017c911ae040 nmethod 5421 0x0000017c87b8f890 code [0x0000017c87b8fa20, 0x0000017c87b8fad8]
Event: 10.878 Thread 0x0000017c911d0d50 5422       3       java.util.regex.Pattern::split (325 bytes)
Event: 10.879 Thread 0x0000017cd85b4290 5426   !   4       java.lang.Class::getEnumConstantsShared (71 bytes)
Event: 10.879 Thread 0x0000017c911ae040 5427       4       java.util.EnumSet::noneOf (63 bytes)
Event: 10.880 Thread 0x0000017c911d0d50 nmethod 5422 0x0000017c804d1990 code [0x0000017c804d1fa0, 0x0000017c804d5eb8]
Event: 10.880 Thread 0x0000017c911d0d50 5424       1       sun.security.ssl.SSLCipher::isAvailable (5 bytes)
Event: 10.880 Thread 0x0000017c911d0d50 nmethod 5424 0x0000017c87b8f590 code [0x0000017c87b8f720, 0x0000017c87b8f7f0]
Event: 10.880 Thread 0x0000017c911d0d50 5428       3       java.util.Arrays$ArrayList::contains (14 bytes)
Event: 10.880 Thread 0x0000017c911d0d50 nmethod 5428 0x0000017c8048b010 code [0x0000017c8048b1c0, 0x0000017c8048b368]
Event: 10.880 Thread 0x0000017c911d0d50 5418       3       java.util.regex.Pattern$GroupHead::match (47 bytes)
Event: 10.880 Thread 0x0000017c911d0d50 nmethod 5418 0x0000017c804fae10 code [0x0000017c804fafc0, 0x0000017c804fb228]
Event: 10.880 Thread 0x0000017c911d0d50 5423   !   3       java.util.regex.Pattern::matcher (44 bytes)
Event: 10.880 Thread 0x0000017c911d0d50 nmethod 5423 0x0000017c805f8a10 code [0x0000017c805f8be0, 0x0000017c805f8f48]
Event: 10.880 Thread 0x0000017c911d0d50 5425       3       java.util.regex.Matcher::<init> (95 bytes)
Event: 10.880 Thread 0x0000017c911d0d50 nmethod 5425 0x0000017c80209c10 code [0x0000017c80209e00, 0x0000017c8020a408]
Event: 10.898 Thread 0x0000017c911d0d50 5429       3       sun.security.util.DerInputStream::<init> (38 bytes)
Event: 10.898 Thread 0x0000017c911d0d50 nmethod 5429 0x0000017c80612d90 code [0x0000017c80612f40, 0x0000017c80613120]
Event: 10.900 Thread 0x0000017c911d0d50 5430       3       sun.security.util.DerValue::data (29 bytes)
Event: 10.900 Thread 0x0000017c911d0d50 nmethod 5430 0x0000017c80607610 code [0x0000017c806077c0, 0x0000017c80607990]

GC Heap History (20 events):
Event: 1.184 GC heap before
{Heap before GC invocations=0 (full 0):
 garbage-first heap   total 96256K, used 25600K [0x00000000a2400000, 0x0000000100000000)
  region size 1024K, 23 young (23552K), 0 survivors (0K)
 Metaspace       used 4729K, committed 4992K, reserved 1114112K
  class space    used 512K, committed 640K, reserved 1048576K
}
Event: 1.196 GC heap after
{Heap after GC invocations=1 (full 0):
 garbage-first heap   total 96256K, used 10978K [0x00000000a2400000, 0x0000000100000000)
  region size 1024K, 3 young (3072K), 3 survivors (3072K)
 Metaspace       used 4729K, committed 4992K, reserved 1114112K
  class space    used 512K, committed 640K, reserved 1048576K
}
Event: 2.047 GC heap before
{Heap before GC invocations=1 (full 0):
 garbage-first heap   total 96256K, used 35554K [0x00000000a2400000, 0x0000000100000000)
  region size 1024K, 28 young (28672K), 3 survivors (3072K)
 Metaspace       used 11938K, committed 12224K, reserved 1114112K
  class space    used 1407K, committed 1536K, reserved 1048576K
}
Event: 2.053 GC heap after
{Heap after GC invocations=2 (full 0):
 garbage-first heap   total 96256K, used 13129K [0x00000000a2400000, 0x0000000100000000)
  region size 1024K, 3 young (3072K), 3 survivors (3072K)
 Metaspace       used 11938K, committed 12224K, reserved 1114112K
  class space    used 1407K, committed 1536K, reserved 1048576K
}
Event: 2.999 GC heap before
{Heap before GC invocations=2 (full 0):
 garbage-first heap   total 96256K, used 54089K [0x00000000a2400000, 0x0000000100000000)
  region size 1024K, 44 young (45056K), 3 survivors (3072K)
 Metaspace       used 19788K, committed 20160K, reserved 1114112K
  class space    used 2348K, committed 2496K, reserved 1048576K
}
Event: 3.010 GC heap after
{Heap after GC invocations=3 (full 0):
 garbage-first heap   total 96256K, used 17408K [0x00000000a2400000, 0x0000000100000000)
  region size 1024K, 6 young (6144K), 6 survivors (6144K)
 Metaspace       used 19788K, committed 20160K, reserved 1114112K
  class space    used 2348K, committed 2496K, reserved 1048576K
}
Event: 3.389 GC heap before
{Heap before GC invocations=3 (full 0):
 garbage-first heap   total 96256K, used 27648K [0x00000000a2400000, 0x0000000100000000)
  region size 1024K, 17 young (17408K), 6 survivors (6144K)
 Metaspace       used 21161K, committed 21504K, reserved 1114112K
  class space    used 2501K, committed 2688K, reserved 1048576K
}
Event: 3.403 GC heap after
{Heap after GC invocations=4 (full 0):
 garbage-first heap   total 96256K, used 18897K [0x00000000a2400000, 0x0000000100000000)
  region size 1024K, 2 young (2048K), 2 survivors (2048K)
 Metaspace       used 21161K, committed 21504K, reserved 1114112K
  class space    used 2501K, committed 2688K, reserved 1048576K
}
Event: 4.747 GC heap before
{Heap before GC invocations=5 (full 0):
 garbage-first heap   total 65536K, used 55761K [0x00000000a2400000, 0x0000000100000000)
  region size 1024K, 38 young (38912K), 2 survivors (2048K)
 Metaspace       used 27901K, committed 28352K, reserved 1114112K
  class space    used 3572K, committed 3776K, reserved 1048576K
}
Event: 4.756 GC heap after
{Heap after GC invocations=6 (full 0):
 garbage-first heap   total 65536K, used 21848K [0x00000000a2400000, 0x0000000100000000)
  region size 1024K, 5 young (5120K), 5 survivors (5120K)
 Metaspace       used 27901K, committed 28352K, reserved 1114112K
  class space    used 3572K, committed 3776K, reserved 1048576K
}
Event: 5.618 GC heap before
{Heap before GC invocations=6 (full 0):
 garbage-first heap   total 65536K, used 51544K [0x00000000a2400000, 0x0000000100000000)
  region size 1024K, 34 young (34816K), 5 survivors (5120K)
 Metaspace       used 34451K, committed 35008K, reserved 1114112K
  class space    used 4382K, committed 4672K, reserved 1048576K
}
Event: 5.624 GC heap after
{Heap after GC invocations=7 (full 0):
 garbage-first heap   total 65536K, used 23772K [0x00000000a2400000, 0x0000000100000000)
  region size 1024K, 3 young (3072K), 3 survivors (3072K)
 Metaspace       used 34451K, committed 35008K, reserved 1114112K
  class space    used 4382K, committed 4672K, reserved 1048576K
}
Event: 5.723 GC heap before
{Heap before GC invocations=7 (full 0):
 garbage-first heap   total 65536K, used 26844K [0x00000000a2400000, 0x0000000100000000)
  region size 1024K, 7 young (7168K), 3 survivors (3072K)
 Metaspace       used 35485K, committed 35968K, reserved 1114112K
  class space    used 4558K, committed 4800K, reserved 1048576K
}
Event: 5.726 GC heap after
{Heap after GC invocations=8 (full 0):
 garbage-first heap   total 65536K, used 24234K [0x00000000a2400000, 0x0000000100000000)
  region size 1024K, 1 young (1024K), 1 survivors (1024K)
 Metaspace       used 35485K, committed 35968K, reserved 1114112K
  class space    used 4558K, committed 4800K, reserved 1048576K
}
Event: 6.688 GC heap before
{Heap before GC invocations=9 (full 0):
 garbage-first heap   total 65536K, used 53930K [0x00000000a2400000, 0x0000000100000000)
  region size 1024K, 30 young (30720K), 1 survivors (1024K)
 Metaspace       used 43362K, committed 43968K, reserved 1114112K
  class space    used 5686K, committed 5952K, reserved 1048576K
}
Event: 6.690 GC heap after
{Heap after GC invocations=10 (full 0):
 garbage-first heap   total 78848K, used 25870K [0x00000000a2400000, 0x0000000100000000)
  region size 1024K, 3 young (3072K), 3 survivors (3072K)
 Metaspace       used 43362K, committed 43968K, reserved 1114112K
  class space    used 5686K, committed 5952K, reserved 1048576K
}
Event: 7.633 GC heap before
{Heap before GC invocations=10 (full 0):
 garbage-first heap   total 78848K, used 65806K [0x00000000a2400000, 0x0000000100000000)
  region size 1024K, 43 young (44032K), 3 survivors (3072K)
 Metaspace       used 52795K, committed 53440K, reserved 1114112K
  class space    used 7065K, committed 7360K, reserved 1048576K
}
Event: 7.639 GC heap after
{Heap after GC invocations=11 (full 0):
 garbage-first heap   total 78848K, used 28933K [0x00000000a2400000, 0x0000000100000000)
  region size 1024K, 6 young (6144K), 6 survivors (6144K)
 Metaspace       used 52795K, committed 53440K, reserved 1114112K
  class space    used 7065K, committed 7360K, reserved 1048576K
}
Event: 8.564 GC heap before
{Heap before GC invocations=11 (full 0):
 garbage-first heap   total 78848K, used 63749K [0x00000000a2400000, 0x0000000100000000)
  region size 1024K, 41 young (41984K), 6 survivors (6144K)
 Metaspace       used 59653K, committed 60288K, reserved 1114112K
  class space    used 7961K, committed 8256K, reserved 1048576K
}
Event: 8.572 GC heap after
{Heap after GC invocations=12 (full 0):
 garbage-first heap   total 78848K, used 32434K [0x00000000a2400000, 0x0000000100000000)
  region size 1024K, 4 young (4096K), 4 survivors (4096K)
 Metaspace       used 59653K, committed 60288K, reserved 1114112K
  class space    used 7961K, committed 8256K, reserved 1048576K
}

Dll operation events (16 events):
Event: 0.014 Loaded shared library C:\Program Files\Eclipse Adoptium\jdk-21.0.6.7-hotspot\bin\java.dll
Event: 0.055 Loaded shared library C:\Program Files\Eclipse Adoptium\jdk-21.0.6.7-hotspot\bin\jsvml.dll
Event: 0.200 Loaded shared library C:\Program Files\Eclipse Adoptium\jdk-21.0.6.7-hotspot\bin\zip.dll
Event: 0.205 Loaded shared library C:\Program Files\Eclipse Adoptium\jdk-21.0.6.7-hotspot\bin\instrument.dll
Event: 0.210 Loaded shared library C:\Program Files\Eclipse Adoptium\jdk-21.0.6.7-hotspot\bin\net.dll
Event: 0.212 Loaded shared library C:\Program Files\Eclipse Adoptium\jdk-21.0.6.7-hotspot\bin\nio.dll
Event: 0.216 Loaded shared library C:\Program Files\Eclipse Adoptium\jdk-21.0.6.7-hotspot\bin\zip.dll
Event: 0.511 Loaded shared library C:\Program Files\JetBrains\IntelliJ IDEA Community Edition 2024.1.4\bin\breakgen64.dll
Event: 0.526 Loaded shared library C:\Program Files\Eclipse Adoptium\jdk-21.0.6.7-hotspot\bin\extnet.dll
Event: 0.600 Loaded shared library C:\Program Files\Eclipse Adoptium\jdk-21.0.6.7-hotspot\bin\jimage.dll
Event: 2.439 Loaded shared library C:\Program Files\Eclipse Adoptium\jdk-21.0.6.7-hotspot\bin\sunmscapi.dll
Event: 5.012 Loaded shared library C:\Program Files\Eclipse Adoptium\jdk-21.0.6.7-hotspot\bin\management.dll
Event: 5.016 Loaded shared library C:\Program Files\Eclipse Adoptium\jdk-21.0.6.7-hotspot\bin\management_ext.dll
Event: 5.826 Loaded shared library C:\Program Files\Eclipse Adoptium\jdk-21.0.6.7-hotspot\bin\verify.dll
Event: 10.806 Loading shared library C:\Users\karan\AppData\Local\Temp\io_grpc_netty_shaded_netty_tcnative_windows_x86_648894151783302641529.dll failed, error code 1455
Event: 10.807 Loading shared library C:\Users\karan\AppData\Local\Temp\io_grpc_netty_shaded_netty_tcnative_windows_x86_648894151783302641529.dll failed, error code 1455

Deoptimization events (20 events):
Event: 8.602 Thread 0x0000017cf2616400 Uncommon trap: trap_request=0xffffff45 fr.pc=0x0000017c87dd07b0 relative=0x0000000000000110
Event: 8.602 Thread 0x0000017cf2616400 Uncommon trap: reason=unstable_if action=reinterpret pc=0x0000017c87dd07b0 method=java.util.ArrayList.indexOfRange(Ljava/lang/Object;II)I @ 7 c2
Event: 8.602 Thread 0x0000017cf2616400 DEOPT PACKING pc=0x0000017c87dd07b0 sp=0x00000031b01fe900
Event: 8.602 Thread 0x0000017cf2616400 DEOPT UNPACKING pc=0x0000017c875846a2 sp=0x00000031b01fe880 mode 2
Event: 10.280 Thread 0x0000017cd80ed3b0 DEOPT PACKING pc=0x0000017c8005a2c9 sp=0x00000031b35fc3b0
Event: 10.280 Thread 0x0000017cd80ed3b0 DEOPT UNPACKING pc=0x0000017c87584e42 sp=0x00000031b35fb820 mode 0
Event: 10.290 Thread 0x0000017cd80ed3b0 Uncommon trap: trap_request=0xffffff45 fr.pc=0x0000017c87aebb2c relative=0x000000000000020c
Event: 10.291 Thread 0x0000017cd80ed3b0 Uncommon trap: reason=unstable_if action=reinterpret pc=0x0000017c87aebb2c method=java.lang.String.indexOf(Ljava/lang/String;)I @ 10 c2
Event: 10.291 Thread 0x0000017cd80ed3b0 DEOPT PACKING pc=0x0000017c87aebb2c sp=0x00000031b35fdcb0
Event: 10.291 Thread 0x0000017cd80ed3b0 DEOPT UNPACKING pc=0x0000017c875846a2 sp=0x00000031b35fdbe8 mode 2
Event: 10.291 Thread 0x0000017cd80ed3b0 Uncommon trap: trap_request=0xffffff45 fr.pc=0x0000017c87c12b7c relative=0x00000000000001dc
Event: 10.291 Thread 0x0000017cd80ed3b0 Uncommon trap: reason=unstable_if action=reinterpret pc=0x0000017c87c12b7c method=java.lang.String.indexOf(Ljava/lang/String;)I @ 10 c2
Event: 10.291 Thread 0x0000017cd80ed3b0 DEOPT PACKING pc=0x0000017c87c12b7c sp=0x00000031b35fdc40
Event: 10.291 Thread 0x0000017cd80ed3b0 DEOPT UNPACKING pc=0x0000017c875846a2 sp=0x00000031b35fdbe0 mode 2
Event: 10.447 Thread 0x0000017cd80ed3b0 DEOPT PACKING pc=0x0000017c8005a2c9 sp=0x00000031b35f6430
Event: 10.447 Thread 0x0000017cd80ed3b0 DEOPT UNPACKING pc=0x0000017c87584e42 sp=0x00000031b35f58a0 mode 0
Event: 10.824 Thread 0x0000017cd80ed3b0 Uncommon trap: trap_request=0xffffff3d fr.pc=0x0000017c87b949cc relative=0x000000000000028c
Event: 10.824 Thread 0x0000017cd80ed3b0 Uncommon trap: reason=unstable_fused_if action=reinterpret pc=0x0000017c87b949cc method=java.lang.CharacterDataLatin1.equalsIgnoreCase(BB)Z @ 16 c2
Event: 10.824 Thread 0x0000017cd80ed3b0 DEOPT PACKING pc=0x0000017c87b949cc sp=0x00000031b35fa880
Event: 10.824 Thread 0x0000017cd80ed3b0 DEOPT UNPACKING pc=0x0000017c875846a2 sp=0x00000031b35fa6d8 mode 2

Classes loaded (20 events):
Event: 10.896 Loading class sun/security/x509/RDN
Event: 10.897 Loading class sun/security/x509/RDN done
Event: 10.897 Loading class sun/security/x509/AVA
Event: 10.897 Loading class sun/security/x509/AVA done
Event: 10.897 Loading class sun/security/x509/CertificateValidity
Event: 10.897 Loading class sun/security/x509/CertificateValidity done
Event: 10.898 Loading class sun/security/x509/CertificateX509Key
Event: 10.898 Loading class sun/security/x509/CertificateX509Key done
Event: 10.898 Loading class sun/security/x509/X509Key
Event: 10.898 Loading class sun/security/x509/X509Key done
Event: 10.898 Loading class sun/security/util/BitArray
Event: 10.898 Loading class sun/security/util/BitArray done
Event: 10.899 Loading class jdk/internal/access/JavaSecuritySpecAccess
Event: 10.899 Loading class jdk/internal/access/JavaSecuritySpecAccess done
Event: 10.899 Loading class sun/security/rsa/RSAPublicKeyImpl
Event: 10.899 Loading class sun/security/rsa/RSAPublicKeyImpl done
Event: 10.900 Loading class sun/security/rsa/RSAUtil
Event: 10.900 Loading class sun/security/rsa/RSAUtil done
Event: 10.900 Loading class sun/security/x509/CertificateExtensions
Event: 10.900 Loading class sun/security/x509/CertificateExtensions done

Classes unloaded (0 events):
No events

Classes redefined (0 events):
No events

Internal exceptions (20 events):
Event: 8.036 Thread 0x0000017cf2616400 Implicit null exception at 0x0000017c87c186e8 to 0x0000017c87c1890c
Event: 8.127 Thread 0x0000017cf2616400 Exception <a 'java/lang/NoSuchMethodError'{0x00000000a5c25580}: 'java.lang.Object java.lang.invoke.Invokers$Holder.invoke_MT(java.lang.Object, java.lang.Object, java.lang.Object, java.lang.Object, java.lang.Object, java.lang.Object, java.lang.Object, java.lang.Object, java.lang.Object, java.lang.Object, java.lang.Object)'> (0x00000000a5c25580) 
thrown [s\src\hotspot\share\interpreter\linkResolver.cpp, line 773]
Event: 8.254 Thread 0x0000017cf2616400 Exception <a 'java/lang/NoSuchMethodError'{0x00000000a58756a0}: 'java.lang.Object java.lang.invoke.DirectMethodHandle$Holder.newInvokeSpecial(java.lang.Object, java.lang.Object, int, java.lang.Object, java.lang.Object)'> (0x00000000a58756a0) 
thrown [s\src\hotspot\share\interpreter\linkResolver.cpp, line 773]
Event: 8.285 Thread 0x0000017cf2616400 Exception <a 'java/lang/NoSuchMethodError'{0x00000000a5787408}: 'java.lang.Object java.lang.invoke.DirectMethodHandle$Holder.invokeStaticInit(java.lang.Object, java.lang.Object, int)'> (0x00000000a5787408) 
thrown [s\src\hotspot\share\interpreter\linkResolver.cpp, line 773]
Event: 8.334 Thread 0x0000017cf2616400 Exception <a 'java/lang/NoSuchMethodError'{0x00000000a5502e78}: 'void java.lang.invoke.DirectMethodHandle$Holder.invokeStaticInit(java.lang.Object, java.lang.Object, java.lang.Object, java.lang.Object)'> (0x00000000a5502e78) 
thrown [s\src\hotspot\share\interpreter\linkResolver.cpp, line 773]
Event: 8.420 Thread 0x0000017cf2616400 Exception <a 'java/lang/UnsatisfiedLinkError'{0x00000000a536c9a8}: 'int io.netty.channel.epoll.Native.offsetofEpollData()'> (0x00000000a536c9a8) 
thrown [s\src\hotspot\share\prims\nativeLookup.cpp, line 415]
Event: 8.422 Thread 0x0000017cf2616400 Exception <a 'java/lang/ExceptionInInitializerError'{0x00000000a536f460}> (0x00000000a536f460) 
thrown [s\src\hotspot\share\oops\instanceKlass.cpp, line 1225]
Event: 8.526 Thread 0x0000017cf2616400 Exception <a 'java/io/FileNotFoundException'{0x00000000a4f89630}> (0x00000000a4f89630) 
thrown [s\src\hotspot\share\prims\jni.cpp, line 520]
Event: 10.233 Thread 0x0000017cd80ed3b0 Exception <a 'java/lang/NoSuchMethodError'{0x00000000a6d456e0}: 'java.lang.Object java.lang.invoke.DirectMethodHandle$Holder.invokeSpecial(java.lang.Object, java.lang.Object, java.lang.Object, java.lang.Object, java.lang.Object, long)'> (0x00000000a6d456e0) 
thrown [s\src\hotspot\share\interpreter\linkResolver.cpp, line 773]
Event: 10.233 Thread 0x0000017cd80ed3b0 Exception <a 'java/lang/NoSuchMethodError'{0x00000000a6d48eb0}: 'java.lang.Object java.lang.invoke.Invokers$Holder.linkToTargetMethod(java.lang.Object, java.lang.Object, java.lang.Object, long, java.lang.Object)'> (0x00000000a6d48eb0) 
thrown [s\src\hotspot\share\interpreter\linkResolver.cpp, line 773]
Event: 10.691 Thread 0x0000017cd80ed3b0 Exception <a 'java/lang/UnsatisfiedLinkError'{0x00000000a5d09d30}: 'int io.grpc.netty.shaded.io.netty.channel.epoll.Native.offsetofEpollData()'> (0x00000000a5d09d30) 
thrown [s\src\hotspot\share\prims\nativeLookup.cpp, line 415]
Event: 10.692 Thread 0x0000017cd80ed3b0 Exception <a 'java/lang/ExceptionInInitializerError'{0x00000000a5d0f498}> (0x00000000a5d0f498) 
thrown [s\src\hotspot\share\oops\instanceKlass.cpp, line 1225]
Event: 10.692 Thread 0x0000017cd80ed3b0 Exception <a 'java/lang/NoSuchMethodError'{0x00000000a5d10ac8}: 'int java.lang.invoke.DelegatingMethodHandle$Holder.reinvoke_L(java.lang.Object)'> (0x00000000a5d10ac8) 
thrown [s\src\hotspot\share\interpreter\linkResolver.cpp, line 773]
Event: 10.807 Thread 0x0000017cd80ed3b0 Exception <a 'java/lang/UnsatisfiedLinkError'{0x00000000a5ba4038}> (0x00000000a5ba4038) 
thrown [s\src\hotspot\share\prims\jvm.cpp, line 3424]
Event: 10.807 Thread 0x0000017cd80ed3b0 Exception <a 'java/lang/UnsatisfiedLinkError'{0x00000000a5ba4038}> (0x00000000a5ba4038) 
thrown [s\src\hotspot\share\prims\jni.cpp, line 520]
Event: 10.808 Thread 0x0000017cd80ed3b0 Exception <a 'java/lang/UnsatisfiedLinkError'{0x00000000a5ba5f18}> (0x00000000a5ba5f18) 
thrown [s\src\hotspot\share\prims\jvm.cpp, line 3424]
Event: 10.808 Thread 0x0000017cd80ed3b0 Exception <a 'java/lang/UnsatisfiedLinkError'{0x00000000a5ba5f18}> (0x00000000a5ba5f18) 
thrown [s\src\hotspot\share\prims\jni.cpp, line 520]
Event: 10.823 Thread 0x0000017cd80ed3b0 Exception <a 'java/lang/UnsatisfiedLinkError'{0x00000000a5a21540}: 'int io.grpc.netty.shaded.io.netty.internal.tcnative.Library.aprMajorVersion()'> (0x00000000a5a21540) 
thrown [s\src\hotspot\share\prims\nativeLookup.cpp, line 415]
Event: 10.825 Thread 0x0000017cd80ed3b0 Exception <a 'java/lang/ClassNotFoundException'{0x00000000a5a29670}: org/eclipse/jetty/alpn/ALPN> (0x00000000a5a29670) 
thrown [s\src\hotspot\share\classfile\systemDictionary.cpp, line 312]
Event: 10.825 Thread 0x0000017cd80ed3b0 Exception <a 'java/lang/ClassNotFoundException'{0x00000000a5a2a4a8}: org/eclipse/jetty/npn/NextProtoNego> (0x00000000a5a2a4a8) 
thrown [s\src\hotspot\share\classfile\systemDictionary.cpp, line 312]

ZGC Phase Switch (0 events):
No events

VM Operations (20 events):
Event: 7.633 Executing VM operation: G1CollectForAllocation (G1 Evacuation Pause)
Event: 7.639 Executing VM operation: G1CollectForAllocation (G1 Evacuation Pause) done
Event: 7.658 Executing VM operation: HandshakeAllThreads (Deoptimize)
Event: 7.658 Executing VM operation: HandshakeAllThreads (Deoptimize) done
Event: 7.716 Executing VM operation: HandshakeAllThreads (Deoptimize)
Event: 7.716 Executing VM operation: HandshakeAllThreads (Deoptimize) done
Event: 7.913 Executing VM operation: HandshakeAllThreads (Deoptimize)
Event: 7.913 Executing VM operation: HandshakeAllThreads (Deoptimize) done
Event: 8.360 Executing VM operation: HandshakeAllThreads (Deoptimize)
Event: 8.361 Executing VM operation: HandshakeAllThreads (Deoptimize) done
Event: 8.563 Executing VM operation: CollectForMetadataAllocation (Metadata GC Threshold)
Event: 8.572 Executing VM operation: CollectForMetadataAllocation (Metadata GC Threshold) done
Event: 8.587 Executing VM operation: G1PauseRemark
Event: 8.592 Executing VM operation: G1PauseRemark done
Event: 8.598 Executing VM operation: G1PauseCleanup
Event: 8.598 Executing VM operation: G1PauseCleanup done
Event: 9.599 Executing VM operation: Cleanup
Event: 9.599 Executing VM operation: Cleanup done
Event: 10.255 Executing VM operation: HandshakeAllThreads (Deoptimize)
Event: 10.255 Executing VM operation: HandshakeAllThreads (Deoptimize) done

Memory protections (0 events):
No events

Nmethod flushes (20 events):
Event: 8.590 Thread 0x0000017c9117e0c0 flushing  nmethod 0x0000017c803f6890
Event: 8.590 Thread 0x0000017c9117e0c0 flushing  nmethod 0x0000017c803f6f10
Event: 8.590 Thread 0x0000017c9117e0c0 flushing  nmethod 0x0000017c8040c510
Event: 8.590 Thread 0x0000017c9117e0c0 flushing  nmethod 0x0000017c8044cb10
Event: 8.590 Thread 0x0000017c9117e0c0 flushing  nmethod 0x0000017c8044cf10
Event: 8.590 Thread 0x0000017c9117e0c0 flushing  nmethod 0x0000017c80498490
Event: 8.590 Thread 0x0000017c9117e0c0 flushing  nmethod 0x0000017c80499490
Event: 8.590 Thread 0x0000017c9117e0c0 flushing  nmethod 0x0000017c8050ff10
Event: 8.590 Thread 0x0000017c9117e0c0 flushing  nmethod 0x0000017c80519510
Event: 8.590 Thread 0x0000017c9117e0c0 flushing  nmethod 0x0000017c8056dd10
Event: 8.590 Thread 0x0000017c9117e0c0 flushing  nmethod 0x0000017c805cc310
Event: 8.590 Thread 0x0000017c9117e0c0 flushing  nmethod 0x0000017c8060fd10
Event: 8.590 Thread 0x0000017c9117e0c0 flushing  nmethod 0x0000017c80610610
Event: 8.590 Thread 0x0000017c9117e0c0 flushing  nmethod 0x0000017c80612d90
Event: 8.590 Thread 0x0000017c9117e0c0 flushing  nmethod 0x0000017c80615890
Event: 8.590 Thread 0x0000017c9117e0c0 flushing  nmethod 0x0000017c80616090
Event: 8.590 Thread 0x0000017c9117e0c0 flushing  nmethod 0x0000017c8070f910
Event: 8.590 Thread 0x0000017c9117e0c0 flushing  nmethod 0x0000017c8070fe10
Event: 8.590 Thread 0x0000017c9117e0c0 flushing  nmethod 0x0000017c807f5210
Event: 8.590 Thread 0x0000017c9117e0c0 flushing  nmethod 0x0000017c80888710

Events (20 events):
Event: 8.495 Thread 0x0000017cf2616400 Thread added: 0x0000017cd80e6ab0
Event: 8.495 Thread 0x0000017cf2616400 Thread added: 0x0000017cd80e7e60
Event: 8.547 Thread 0x0000017cf2616400 Thread added: 0x0000017cd80ea5c0
Event: 8.585 Thread 0x0000017cf2616400 Thread added: 0x0000017cd80ed3b0
Event: 8.585 Thread 0x0000017cf2616400 Thread added: 0x0000017cd80ec690
Event: 8.585 Thread 0x0000017cf2616400 Thread added: 0x0000017cd80eb2e0
Event: 8.585 Thread 0x0000017cf2616400 Thread added: 0x0000017cd80e9f30
Event: 8.585 Thread 0x0000017cf2616400 Thread added: 0x0000017cd80eb970
Event: 8.585 Thread 0x0000017cf2616400 Thread added: 0x0000017cd80ecd20
Event: 8.585 Thread 0x0000017cf2616400 Thread added: 0x0000017cd80e6420
Event: 8.585 Thread 0x0000017cf2616400 Thread added: 0x0000017cd80eda40
Event: 8.585 Thread 0x0000017cf2616400 Thread added: 0x0000017cd8cd5410
Event: 8.586 Thread 0x0000017cf2616400 Thread added: 0x0000017cd8cd5aa0
Event: 8.595 Thread 0x0000017cf2616400 Thread added: 0x0000017cd8cd74e0
Event: 8.596 Thread 0x0000017cf2616400 Thread added: 0x0000017cd8cd6130
Event: 8.617 Thread 0x0000017cf2616400 Thread exited: 0x0000017cf2616400
Event: 8.618 Thread 0x0000017cd8cd4d80 Thread added: 0x0000017cd8cd4d80
Event: 10.230 Thread 0x0000017cd85b5700 Thread exited: 0x0000017cd85b5700
Event: 10.233 Thread 0x0000017cd8774ce0 Thread exited: 0x0000017cd8774ce0
Event: 10.315 Thread 0x0000017c911d0d50 Thread added: 0x0000017cd85b4290


Dynamic libraries:
0x00007ff702c70000 - 0x00007ff702c7e000 	C:\Program Files\Eclipse Adoptium\jdk-21.0.6.7-hotspot\bin\java.exe
0x00007ffcfe570000 - 0x00007ffcfe787000 	C:\WINDOWS\SYSTEM32\ntdll.dll
0x00007ffcfd750000 - 0x00007ffcfd814000 	C:\WINDOWS\System32\KERNEL32.DLL
0x00007ffcfb840000 - 0x00007ffcfbc13000 	C:\WINDOWS\System32\KERNELBASE.dll
0x00007ffcfbcc0000 - 0x00007ffcfbdd1000 	C:\WINDOWS\System32\ucrtbase.dll
0x00007ffcf6030000 - 0x00007ffcf6048000 	C:\Program Files\Eclipse Adoptium\jdk-21.0.6.7-hotspot\bin\jli.dll
0x00007ffcf6050000 - 0x00007ffcf606e000 	C:\Program Files\Eclipse Adoptium\jdk-21.0.6.7-hotspot\bin\VCRUNTIME140.dll
0x00007ffcfc380000 - 0x00007ffcfc531000 	C:\WINDOWS\System32\USER32.dll
0x00007ffcfbde0000 - 0x00007ffcfbe06000 	C:\WINDOWS\System32\win32u.dll
0x00007ffcfab20000 - 0x00007ffcfadb8000 	C:\WINDOWS\WinSxS\amd64_microsoft.windows.common-controls_6595b64144ccf1df_6.0.22621.5124_none_270e8f4f7386d69d\COMCTL32.dll
0x00007ffcfd260000 - 0x00007ffcfd289000 	C:\WINDOWS\System32\GDI32.dll
0x00007ffcfe480000 - 0x00007ffcfe527000 	C:\WINDOWS\System32\msvcrt.dll
0x00007ffcfbfb0000 - 0x00007ffcfc0cb000 	C:\WINDOWS\System32\gdi32full.dll
0x00007ffcfbc20000 - 0x00007ffcfbcba000 	C:\WINDOWS\System32\msvcp_win.dll
0x00007ffcfd410000 - 0x00007ffcfd441000 	C:\WINDOWS\System32\IMM32.DLL
0x00007ffcf6290000 - 0x00007ffcf629c000 	C:\Program Files\Eclipse Adoptium\jdk-21.0.6.7-hotspot\bin\vcruntime140_1.dll
0x00007ffcdb420000 - 0x00007ffcdb4ad000 	C:\Program Files\Eclipse Adoptium\jdk-21.0.6.7-hotspot\bin\msvcp140.dll
0x00007ffc71f40000 - 0x00007ffc72cd0000 	C:\Program Files\Eclipse Adoptium\jdk-21.0.6.7-hotspot\bin\server\jvm.dll
0x00007ffcfc2c0000 - 0x00007ffcfc371000 	C:\WINDOWS\System32\ADVAPI32.dll
0x00007ffcfdaa0000 - 0x00007ffcfdb48000 	C:\WINDOWS\System32\sechost.dll
0x00007ffcfbe10000 - 0x00007ffcfbe38000 	C:\WINDOWS\System32\bcrypt.dll
0x00007ffcfe1a0000 - 0x00007ffcfe2b4000 	C:\WINDOWS\System32\RPCRT4.dll
0x00007ffcfe120000 - 0x00007ffcfe191000 	C:\WINDOWS\System32\WS2_32.dll
0x00007ffcfb550000 - 0x00007ffcfb59d000 	C:\WINDOWS\SYSTEM32\POWRPROF.dll
0x00007ffcf4e60000 - 0x00007ffcf4e94000 	C:\WINDOWS\SYSTEM32\WINMM.dll
0x00007ffcf7870000 - 0x00007ffcf787a000 	C:\WINDOWS\SYSTEM32\VERSION.dll
0x00007ffcfb530000 - 0x00007ffcfb543000 	C:\WINDOWS\SYSTEM32\UMPDC.dll
0x00007ffcf96f0000 - 0x00007ffcf9708000 	C:\WINDOWS\SYSTEM32\kernel.appcore.dll
0x00007ffcf5040000 - 0x00007ffcf504a000 	C:\Program Files\Eclipse Adoptium\jdk-21.0.6.7-hotspot\bin\jimage.dll
0x00007ffcfaef0000 - 0x00007ffcfb122000 	C:\WINDOWS\SYSTEM32\DBGHELP.DLL
0x00007ffcfdd20000 - 0x00007ffcfe0b2000 	C:\WINDOWS\System32\combase.dll
0x00007ffcfd890000 - 0x00007ffcfd967000 	C:\WINDOWS\System32\OLEAUT32.dll
0x00007ffcfade0000 - 0x00007ffcfae12000 	C:\WINDOWS\SYSTEM32\dbgcore.DLL
0x00007ffcfb740000 - 0x00007ffcfb7bb000 	C:\WINDOWS\System32\bcryptPrimitives.dll
0x00007ffce4c00000 - 0x00007ffce4c0f000 	C:\Program Files\Eclipse Adoptium\jdk-21.0.6.7-hotspot\bin\instrument.dll
0x00007ffcf43e0000 - 0x00007ffcf43ff000 	C:\Program Files\Eclipse Adoptium\jdk-21.0.6.7-hotspot\bin\java.dll
0x00007ffcfc540000 - 0x00007ffcfcdd6000 	C:\WINDOWS\System32\SHELL32.dll
0x00007ffcfc0d0000 - 0x00007ffcfc20f000 	C:\WINDOWS\System32\wintypes.dll
0x00007ffcf8630000 - 0x00007ffcf8f4a000 	C:\WINDOWS\SYSTEM32\windows.storage.dll
0x00007ffcfd970000 - 0x00007ffcfda7a000 	C:\WINDOWS\System32\SHCORE.dll
0x00007ffcfd3a0000 - 0x00007ffcfd403000 	C:\WINDOWS\System32\shlwapi.dll
0x00007ffcfb5b0000 - 0x00007ffcfb5db000 	C:\WINDOWS\SYSTEM32\profapi.dll
0x00007ffcd0020000 - 0x00007ffcd00f7000 	C:\Program Files\Eclipse Adoptium\jdk-21.0.6.7-hotspot\bin\jsvml.dll
0x00007ffce3ba0000 - 0x00007ffce3bb8000 	C:\Program Files\Eclipse Adoptium\jdk-21.0.6.7-hotspot\bin\zip.dll
0x00007ffcf5030000 - 0x00007ffcf5040000 	C:\Program Files\Eclipse Adoptium\jdk-21.0.6.7-hotspot\bin\net.dll
0x00007ffcf5090000 - 0x00007ffcf51bc000 	C:\WINDOWS\SYSTEM32\WINHTTP.dll
0x00007ffcf9cc0000 - 0x00007ffcf9d2a000 	C:\WINDOWS\system32\mswsock.dll
0x00007ffce3cd0000 - 0x00007ffce3ce6000 	C:\Program Files\Eclipse Adoptium\jdk-21.0.6.7-hotspot\bin\nio.dll
0x00007ffcdd770000 - 0x00007ffcdd78a000 	C:\Program Files\JetBrains\IntelliJ IDEA Community Edition 2024.1.4\bin\breakgen64.dll
0x00007ffce34a0000 - 0x00007ffce34a9000 	C:\Program Files\Eclipse Adoptium\jdk-21.0.6.7-hotspot\bin\extnet.dll
0x00007ffce3b90000 - 0x00007ffce3b9e000 	C:\Program Files\Eclipse Adoptium\jdk-21.0.6.7-hotspot\bin\sunmscapi.dll
0x00007ffcfbe40000 - 0x00007ffcfbfa7000 	C:\WINDOWS\System32\CRYPT32.dll
0x00007ffcfa810000 - 0x00007ffcfa83d000 	C:\WINDOWS\SYSTEM32\ncrypt.dll
0x00007ffcfa720000 - 0x00007ffcfa757000 	C:\WINDOWS\SYSTEM32\NTASN1.dll
0x00007ffcfb230000 - 0x00007ffcfb24b000 	C:\WINDOWS\SYSTEM32\CRYPTSP.dll
0x00007ffcf96b0000 - 0x00007ffcf96e7000 	C:\WINDOWS\system32\rsaenh.dll
0x00007ffcf9d80000 - 0x00007ffcf9da8000 	C:\WINDOWS\SYSTEM32\USERENV.dll
0x00007ffcf9ee0000 - 0x00007ffcf9eec000 	C:\WINDOWS\SYSTEM32\CRYPTBASE.dll
0x00007ffcf91f0000 - 0x00007ffcf921d000 	C:\WINDOWS\SYSTEM32\IPHLPAPI.DLL
0x00007ffcfdd10000 - 0x00007ffcfdd19000 	C:\WINDOWS\System32\NSI.dll
0x00007ffce4200000 - 0x00007ffce420a000 	C:\Program Files\Eclipse Adoptium\jdk-21.0.6.7-hotspot\bin\management.dll
0x00007ffce3e40000 - 0x00007ffce3e4b000 	C:\Program Files\Eclipse Adoptium\jdk-21.0.6.7-hotspot\bin\management_ext.dll
0x00007ffcfe420000 - 0x00007ffcfe428000 	C:\WINDOWS\System32\PSAPI.DLL
0x00007ffcdcc80000 - 0x00007ffcdcc90000 	C:\Program Files\Eclipse Adoptium\jdk-21.0.6.7-hotspot\bin\verify.dll
0x00007ffcf9220000 - 0x00007ffcf9322000 	C:\WINDOWS\SYSTEM32\DNSAPI.dll
0x00007ffcf51f0000 - 0x00007ffcf51fa000 	C:\Windows\System32\rasadhlp.dll
0x00007ffcf4820000 - 0x00007ffcf48a3000 	C:\WINDOWS\System32\fwpuclnt.dll
0x00007ffcf6210000 - 0x00007ffcf6218000 	C:\WINDOWS\system32\wshunix.dll
0x00007ffce1200000 - 0x00007ffce1217000 	C:\WINDOWS\system32\napinsp.dll
0x00007ffcd5e20000 - 0x00007ffcd5e3b000 	C:\WINDOWS\system32\pnrpnsp.dll
0x00007ffcd3900000 - 0x00007ffcd3911000 	C:\WINDOWS\System32\winrnr.dll
0x00007ffcf55c0000 - 0x00007ffcf55d5000 	C:\WINDOWS\system32\wshbth.dll
0x00007ffcd2750000 - 0x00007ffcd2777000 	C:\WINDOWS\system32\nlansp_c.dll
0x00007ffcf51d0000 - 0x00007ffcf51e9000 	C:\WINDOWS\SYSTEM32\dhcpcsvc6.DLL
0x00007ffcf4e40000 - 0x00007ffcf4e5f000 	C:\WINDOWS\SYSTEM32\dhcpcsvc.DLL

dbghelp: loaded successfully - version: 4.0.5 - missing functions: none
symbol engine: initialized successfully - sym options: 0x614 - pdb path: .;C:\Program Files\Eclipse Adoptium\jdk-21.0.6.7-hotspot\bin;C:\WINDOWS\SYSTEM32;C:\WINDOWS\WinSxS\amd64_microsoft.windows.common-controls_6595b64144ccf1df_6.0.22621.5124_none_270e8f4f7386d69d;C:\Program Files\Eclipse Adoptium\jdk-21.0.6.7-hotspot\bin\server;C:\Program Files\JetBrains\IntelliJ IDEA Community Edition 2024.1.4\bin

VM Arguments:
jvm_args: -javaagent:C:\Program Files\JetBrains\IntelliJ IDEA Community Edition 2024.1.4\lib\idea_rt.jar=55118:C:\Program Files\JetBrains\IntelliJ IDEA Community Edition 2024.1.4\bin -Dfile.encoding=UTF-8 -Dsun.stdout.encoding=UTF-8 -Dsun.stderr.encoding=UTF-8 
java_command: com.tts_app.App.AppApplication
java_class_path (initial): C:\Users\karan\Downloads\App (1)\App\target\classes;C:\Users\karan\.m2\repository\org\springframework\boot\spring-boot-starter-web\3.4.4\spring-boot-starter-web-3.4.4.jar;C:\Users\karan\.m2\repository\org\springframework\boot\spring-boot-starter-json\3.4.4\spring-boot-starter-json-3.4.4.jar;C:\Users\karan\.m2\repository\com\fasterxml\jackson\core\jackson-databind\2.18.3\jackson-databind-2.18.3.jar;C:\Users\karan\.m2\repository\com\fasterxml\jackson\core\jackson-annotations\2.18.3\jackson-annotations-2.18.3.jar;C:\Users\karan\.m2\repository\com\fasterxml\jackson\core\jackson-core\2.18.3\jackson-core-2.18.3.jar;C:\Users\karan\.m2\repository\com\fasterxml\jackson\datatype\jackson-datatype-jdk8\2.18.3\jackson-datatype-jdk8-2.18.3.jar;C:\Users\karan\.m2\repository\com\fasterxml\jackson\datatype\jackson-datatype-jsr310\2.18.3\jackson-datatype-jsr310-2.18.3.jar;C:\Users\karan\.m2\repository\com\fasterxml\jackson\module\jackson-module-parameter-names\2.18.3\jackson-module-parameter-names-2.18.3.jar;C:\Users\karan\.m2\repository\org\springframework\boot\spring-boot-starter-tomcat\3.4.4\spring-boot-starter-tomcat-3.4.4.jar;C:\Users\karan\.m2\repository\org\apache\tomcat\embed\tomcat-embed-core\10.1.39\tomcat-embed-core-10.1.39.jar;C:\Users\karan\.m2\repository\org\apache\tomcat\embed\tomcat-embed-el\10.1.39\tomcat-embed-el-10.1.39.jar;C:\Users\karan\.m2\repository\org\apache\tomcat\embed\tomcat-embed-websocket\10.1.39\tomcat-embed-websocket-10.1.39.jar;C:\Users\karan\.m2\repository\org\springframework\spring-web\6.2.5\spring-web-6.2.5.jar;C:\Users\karan\.m2\repository\org\springframework\spring-beans\6.2.5\spring-beans-6.2.5.jar;C:\Users\karan\.m2\repository\io\micrometer\micrometer-observation\1.14.5\micrometer-observation-1.14.5.jar;C:\Users\karan\.m2\repository\io\micrometer\micrometer-commons\1.14.5\micrometer-commons-1.14.5.jar;C:\Users\karan\.m2\repository\org\springframework\spring-webmvc\6.2.5\spring-webmvc-6.2.5.jar;C:\Users\karan\.m2\repository\org\springframework\spring-context\6.2.5\spring-context-6.2.5.jar;C:\Users\karan\.m2\repository\org\springframework\spring-expression\6.2.5\spring-expression-6.2.5.jar;C:\Users\karan\.m2\repository\org\springframework\boot\spring-boot-starter-oauth2-client\3.4.4\spring-boot-starter-oauth2-client-3.4.4.jar;C:\Users\karan\.m2\repository\org\springframework\security\spring-security-config\6.4.4\spring-security-config-6.4.4.jar;C:\Users\karan\.m2\repository\org\springframework\security\spring-security-core\6.4.4\spring-security-core-6.4.4.jar;C:\Users\karan\.m2\repository\org\springframework\security\spring-security-crypto\6.4.4\spring-security-crypto-6.4.4.jar;C:\Users\karan\.m2\repository\org\springframework\security\spring-security-oauth2-client\6.4.4\spring-security-oauth2-client-6.4.4.jar;C:\Users\karan\.m2\repository\org\springframework\security\spring-security-oauth2-core\6.4.4\spring-security-oauth2-core-6.4.4.jar;C:\Users\karan\.m2\repository\com\nimbusds\oauth2-oidc-sdk\9.43.6\oauth2-oidc-sdk-9.43.6.jar;C:\Users\karan\.m2\repository\com\github\stephenc\jcip\jcip-annotations\1.0-1\jcip-annotations-1.0-1.jar;C:\Users\karan\.m2\repository\com\nimbusds\content-type\2.2\content-type-2.2.jar;C:\Users\karan\.m2\repository\com\nimbusds\lang-tag\1.7\lang-tag-1.7.jar;C:\Users\karan\.m2\repository\org\springframework\security\spring-security-oauth2-jose\6.4.4\spring-security-oauth2-jose-6.4.4.jar;C:\Users\karan\.m2\repository\com\nimbusds\nimbus-jose-jwt\9.37.3\nimbus-jose-jwt-9.37.3.jar;C:\Users\karan\.m2\repository\org\springframework\boot\spring-boot-starter-security\3.4.4\spring-boot-starter-security-3.4.4.jar;C:\Users\karan\.m2\repository\org\springframework\spring-aop\6.2.5\spring-aop-6.2.5.jar;C:\Users\karan\.m2\repository\org\springframework\security\spring-security-web\6.4.4\spring-security-web-6.4.4.jar;C:\Users\karan\.m2\repository\org\springframework\boot\spring-boot-starter-data-jpa\3.4.4\spring-boot-starter-data-jpa-3.4.4.jar;C:\Users\karan\.m2\repository\org\springframework\boot\spring-boot-starter-jdbc\3.4.4\spring-boot-starter-jdbc-3.4.4.jar;C:\Users\karan\.m2\repository\com\zaxxer\HikariCP\5.1.0\HikariCP-5.1.0.jar;C:\Users\karan\.m2\repository\org\springframework\spring-jdbc\6.2.5\spring-jdbc-6.2.5.jar;C:\Users\karan\.m2\repository\org\hibernate\orm\hibernate-core\6.6.11.Final\hibernate-core-6.6.11.Final.jar;C:\Users\karan\.m2\repository\jakarta\persistence\jakarta.persistence-api\3.1.0\jakarta.persistence-api-3.1.0.jar;C:\Users\karan\.m2\repository\jakarta\transaction\jakarta.transaction-api\2.0.1\jakarta.transaction-api-2.0.1.jar;C:\Users\karan\.m2\repository\org\jboss\logging\jboss-logging\3.6.1.Final\jboss-logging-3.6.1.Final.jar;C:\Users\karan\.m2\repository\org\hibernate\common\hibernate-commons-annotations\7.0.3.Final\hibernate-commons-annotations-7.0.3.Final.jar;C:\Users\karan\.m2\repository\io\smallrye\jandex\3.2.0\jandex-3.2.0.jar;C:\Users\karan\.m2\repository\com\fasterxml\classmate\1.7.0\classmate-1.7.0.jar;C:\Users\karan\.m2\repository\net\bytebuddy\byte-buddy\1.15.11\byte-buddy-1.15.11.jar;C:\Users\karan\.m2\repository\org\glassfish\jaxb\jaxb-runtime\4.0.5\jaxb-runtime-4.0.5.jar;C:\Users\karan\.m2\repository\org\glassfish\jaxb\jaxb-core\4.0.5\jaxb-core-4.0.5.jar;C:\Users\karan\.m2\repository\org\eclipse\angus\angus-activation\2.0.2\angus-activation-2.0.2.jar;C:\Users\karan\.m2\repository\org\glassfish\jaxb\txw2\4.0.5\txw2-4.0.5.jar;C:\Users\karan\.m2\repository\com\sun\istack\istack-commons-runtime\4.1.2\istack-commons-runtime-4.1.2.jar;C:\Users\karan\.m2\repository\jakarta\inject\jakarta.inject-api\2.0.1\jakarta.inject-api-2.0.1.jar;C:\Users\karan\.m2\repository\org\antlr\antlr4-runtime\4.13.0\antlr4-runtime-4.13.0.jar;C:\Users\karan\.m2\repository\org\springframework\data\spring-data-jpa\3.4.4\spring-data-jpa-3.4.4.jar;C:\Users\karan\.m2\repository\org\springframework\data\spring-data-commons\3.4.4\spring-data-commons-3.4.4.jar;C:\Users\karan\.m2\repository\org\springframework\spring-orm\6.2.5\spring-orm-6.2.5.jar;C:\Users\karan\.m2\repository\org\springframework\spring-tx\6.2.5\spring-tx-6.2.5.jar;C:\Users\karan\.m2\repository\org\slf4j\slf4j-api\2.0.17\slf4j-api-2.0.17.jar;C:\Users\karan\.m2\repository\org\springframework\spring-aspects\6.2.5\spring-aspects-6.2.5.jar;C:\Users\karan\.m2\repository\org\aspectj\aspectjweaver\1.9.23\aspectjweaver-1.9.23.jar;C:\Users\karan\.m2\repository\org\postgresql\postgresql\42.7.5\postgresql-42.7.5.jar;C:\Users\karan\.m2\repository\org\checkerframework\checker-qual\3.48.3\checker-qual-3.48.3.jar;C:\Users\karan\.m2\repository\org\springframework\boot\spring-boot-starter-webflux\3.4.4\spring-boot-starter-webflux-3.4.4.jar;C:\Users\karan\.m2\repository\org\springframework\boot\spring-boot-starter-reactor-netty\3.4.4\spring-boot-starter-reactor-netty-3.4.4.jar;C:\Users\karan\.m2\repository\io\projectreactor\netty\reactor-netty-http\1.2.4\reactor-netty-http-1.2.4.jar;C:\Users\karan\.m2\repository\io\netty\netty-codec-http\4.1.119.Final\netty-codec-http-4.1.119.Final.jar;C:\Users\karan\.m2\repository\io\netty\netty-common\4.1.119.Final\netty-common-4.1.119.Final.jar;C:\Users\karan\.m2\repository\io\netty\netty-buffer\4.1.119.Final\netty-buffer-4.1.119.Final.jar;C:\Users\karan\.m2\repository\io\netty\netty-transport\4.1.119.Final\netty-transport-4.1.119.Final.jar;C:\Users\karan\.m2\repository\io\netty\netty-codec\4.1.119.Final\netty-codec-4.1.119.Final.jar;C:\Users\karan\.m2\repository\io\netty\netty-handler\4.1.119.Final\netty-handler-4.1.119.Final.jar;C:\Users\karan\.m2\repository\io\netty\netty-codec-http2\4.1.119.Final\netty-codec-http2-4.1.119.Final.jar;C:\Users\karan\.m2\repository\io\netty\netty-resolver-dns\4.1.119.Final\netty-resolver-dns-4.1.119.Final.jar;C:\Users\karan\.m2\repository\io\netty\netty-resolver\4.1.119.Final\netty-resolver-4.1.119.Final.jar;C:\Users\karan\.m2\repository\io\netty\netty-codec-dns\4.1.119.Final\netty-codec-dns-4.1.119.Final.jar;C:\Users\karan\.m2\repository\io\netty\netty-resolver-dns-native-macos\4.1.119.Final\netty-resolver-dns-native-macos-4.1.119.Final-osx-x86_64.jar;C:\Users\karan\.m2\repository\io\netty\netty-resolver-dns-classes-macos\4.1.119.Final\netty-resolver-dns-classes-macos-4.1.119.Final.jar;C:\Users\karan\.m2\repository\io\netty\netty-transport-native-epoll\4.1.119.Final\netty-transport-native-epoll-4.1.119.Final-linux-x86_64.jar;C:\Users\karan\.m2\repository\io\netty\netty-transport-native-unix-common\4.1.119.Final\netty-transport-native-unix-common-4.1.119.Final.jar;C:\Users\karan\.m2\repository\io\netty\netty-transport-classes-epoll\4.1.119.Final\netty-transport-classes-epoll-4.1.119.Final.jar;C:\Users\karan\.m2\repository\io\projectreactor\netty\reactor-netty-core\1.2.4\reactor-netty-core-1.2.4.jar;C:\Users\karan\.m2\repository\io\netty\netty-handler-proxy\4.1.119.Final\netty-handler-proxy-4.1.119.Final.jar;C:\Users\karan\.m2\repository\io\netty\netty-codec-socks\4.1.119.Final\netty-codec-socks-4.1.119.Final.jar;C:\Users\karan\.m2\repository\org\springframework\spring-webflux\6.2.5\spring-webflux-6.2.5.jar;C:\Users\karan\.m2\repository\io\projectreactor\reactor-core\3.7.4\reactor-core-3.7.4.jar;C:\Users\karan\.m2\repository\org\reactivestreams\reactive-streams\1.0.4\reactive-streams-1.0.4.jar;C:\Users\karan\.m2\repository\org\springframework\boot\spring-boot-starter\3.4.4\spring-boot-starter-3.4.4.jar;C:\Users\karan\.m2\repository\org\springframework\boot\spring-boot\3.4.4\spring-boot-3.4.4.jar;C:\Users\karan\.m2\repository\org\springframework\boot\spring-boot-autoconfigure\3.4.4\spring-boot-autoconfigure-3.4.4.jar;C:\Users\karan\.m2\repository\org\springframework\boot\spring-boot-starter-logging\3.4.4\spring-boot-starter-logging-3.4.4.jar;C:\Users\karan\.m2\repository\ch\qos\logback\logback-classic\1.5.18\logback-classic-1.5.18.jar;C:\Users\karan\.m2\repository\ch\qos\logback\logback-core\1.5.18\logback-core-1.5.18.jar;C:\Users\karan\.m2\repository\org\apache\logging\log4j\log4j-to-slf4j\2.24.3\log4j-to-slf4j-2.24.3.jar;C:\Users\karan\.m2\repository\org\apache\logging\log4j\log4j-api\2.24.3\log4j-api-2.24.3.jar;C:\Users\karan\.m2\repository\org\slf4j\jul-to-slf4j\2.0.17\jul-to-slf4j-2.0.17.jar;C:\Users\karan\.m2\repository\jakarta\annotation\jakarta.annotation-api\2.1.1\jakarta.annotation-api-2.1.1.jar;C:\Users\karan\.m2\repository\org\springframework\spring-core\6.2.5\spring-core-6.2.5.jar;C:\Users\karan\.m2\repository\org\springframework\spring-jcl\6.2.5\spring-jcl-6.2.5.jar;C:\Users\karan\.m2\repository\org\yaml\snakeyaml\2.3\snakeyaml-2.3.jar;C:\Users\karan\.m2\repository\com\google\cloud\google-cloud-texttospeech\2.61.0\google-cloud-texttospeech-2.61.0.jar;C:\Users\karan\.m2\repository\io\grpc\grpc-api\1.70.0\grpc-api-1.70.0.jar;C:\Users\karan\.m2\repository\com\google\code\findbugs\jsr305\3.0.2\jsr305-3.0.2.jar;C:\Users\karan\.m2\repository\com\google\errorprone\error_prone_annotations\2.36.0\error_prone_annotations-2.36.0.jar;C:\Users\karan\.m2\repository\io\grpc\grpc-stub\1.70.0\grpc-stub-1.70.0.jar;C:\Users\karan\.m2\repository\org\codehaus\mojo\animal-sniffer-annotations\1.24\animal-sniffer-annotations-1.24.jar;C:\Users\karan\.m2\repository\io\grpc\grpc-protobuf\1.70.0\grpc-protobuf-1.70.0.jar;C:\Users\karan\.m2\repository\io\grpc\grpc-protobuf-lite\1.70.0\grpc-protobuf-lite-1.70.0.jar;C:\Users\karan\.m2\repository\com\google\api\api-common\2.46.1\api-common-2.46.1.jar;C:\Users\karan\.m2\repository\com\google\auto\value\auto-value-annotations\1.11.0\auto-value-annotations-1.11.0.jar;C:\Users\karan\.m2\repository\javax\annotation\javax.annotation-api\1.3.2\javax.annotation-api-1.3.2.jar;C:\Users\karan\.m2\repository\com\google\j2objc\j2objc-annotations\3.0.0\j2objc-annotations-3.0.0.jar;C:\Users\karan\.m2\repository\com\google\protobuf\protobuf-java\3.25.5\protobuf-java-3.25.5.jar;C:\Users\karan\.m2\repository\com\google\api\grpc\proto-google-common-protos\2.54.1\proto-google-common-protos-2.54.1.jar;C:\Users\karan\.m2\repository\com\google\api\grpc\proto-google-cloud-texttospeech-v1\2.61.0\proto-google-cloud-texttospeech-v1-2.61.0.jar;C:\Users\karan\.m2\repository\com\google\api\grpc\proto-google-cloud-texttospeech-v1beta1\0.150.0\proto-google-cloud-texttospeech-v1beta1-0.150.0.jar;C:\Users\karan\.m2\repository\com\google\guava\guava\33.4.0-jre\guava-33.4.0-jre.jar;C:\Users\karan\.m2\repository\com\google\guava\failureaccess\1.0.2\failureaccess-1.0.2.jar;C:\Users\karan\.m2\repository\com\google\guava\listenablefuture\9999.0-empty-to-avoid-conflict-with-guava\listenablefuture-9999.0-empty-to-avoid-conflict-with-guava.jar;C:\Users\karan\.m2\repository\com\google\api\gax\2.63.1\gax-2.63.1.jar;C:\Users\karan\.m2\repository\com\google\auth\google-auth-library-credentials\1.33.1\google-auth-library-credentials-1.33.1.jar;C:\Users\karan\.m2\repository\com\google\protobuf\protobuf-java-util\3.25.5\protobuf-java-util-3.25.5.jar;C:\Users\karan\.m2\repository\io\opencensus\opencensus-api\0.31.1\opencensus-api-0.31.1.jar;C:\Users\karan\.m2\repository\io\grpc\grpc-context\1.70.0\grpc-context-1.70.0.jar;C:\Users\karan\.m2\repository\com\google\auth\google-auth-library-oauth2-http\1.33.1\google-auth-library-oauth2-http-1.33.1.jar;C:\Users\karan\.m2\repository\com\google\api\gax-grpc\2.63.1\gax-grpc-2.63.1.jar;C:\Users\karan\.m2\repository\io\grpc\grpc-inprocess\1.70.0\grpc-inprocess-1.70.0.jar;C:\Users\karan\.m2\repository\io\grpc\grpc-core\1.70.0\grpc-core-1.70.0.jar;C:\Users\karan\.m2\repository\com\google\android\annotations\4.1.1.4\annotations-4.1.1.4.jar;C:\Users\karan\.m2\repository\io\grpc\grpc-alts\1.70.0\grpc-alts-1.70.0.jar;C:\Users\karan\.m2\repository\io\grpc\grpc-grpclb\1.70.0\grpc-grpclb-1.70.0.jar;C:\Users\karan\.m2\repository\org\conscrypt\conscrypt-openjdk-uber\2.5.2\conscrypt-openjdk-uber-2.5.2.jar;C:\Users\karan\.m2\repository\io\grpc\grpc-auth\1.70.0\grpc-auth-1.70.0.jar;C:\Users\karan\.m2\repository\io\grpc\grpc-netty-shaded\1.70.0\grpc-netty-shaded-1.70.0.jar;C:\Users\karan\.m2\repository\io\grpc\grpc-util\1.70.0\grpc-util-1.70.0.jar;C:\Users\karan\.m2\repository\io\perfmark\perfmark-api\0.27.0\perfmark-api-0.27.0.jar;C:\Users\karan\.m2\repository\io\grpc\grpc-googleapis\1.70.0\grpc-googleapis-1.70.0.jar;C:\Users\karan\.m2\repository\io\grpc\grpc-xds\1.70.0\grpc-xds-1.70.0.jar;C:\Users\karan\.m2\repository\io\grpc\grpc-services\1.70.0\grpc-services-1.70.0.jar;C:\Users\karan\.m2\repository\com\google\re2j\re2j\1.7\re2j-1.7.jar;C:\Users\karan\.m2\repository\com\google\api\gax-httpjson\2.63.1\gax-httpjson-2.63.1.jar;C:\Users\karan\.m2\repository\com\google\code\gson\gson\2.11.0\gson-2.11.0.jar;C:\Users\karan\.m2\repository\com\google\http-client\google-http-client\1.46.3\google-http-client-1.46.3.jar;C:\Users\karan\.m2\repository\org\apache\httpcomponents\httpclient\4.5.14\httpclient-4.5.14.jar;C:\Users\karan\.m2\repository\commons-codec\commons-codec\1.17.2\commons-codec-1.17.2.jar;C:\Users\karan\.m2\repository\org\apache\httpcomponents\httpcore\4.4.16\httpcore-4.4.16.jar;C:\Users\karan\.m2\repository\io\opencensus\opencensus-contrib-http-util\0.31.1\opencensus-contrib-http-util-0.31.1.jar;C:\Users\karan\.m2\repository\com\google\http-client\google-http-client-gson\1.46.3\google-http-client-gson-1.46.3.jar;C:\Users\karan\.m2\repository\org\threeten\threetenbp\1.7.0\threetenbp-1.7.0.jar;C:\Users\karan\.m2\repository\jakarta\xml\bind\jakarta.xml.bind-api\4.0.2\jakarta.xml.bind-api-4.0.2.jar;C:\Users\karan\.m2\repository\jakarta\activation\jakarta.activation-api\2.1.3\jakarta.activation-api-2.1.3.jar;C:\Users\karan\.m2\repository\net\minidev\json-smart\2.5.2\json-smart-2.5.2.jar;C:\Users\karan\.m2\repository\net\minidev\accessors-smart\2.5.2\accessors-smart-2.5.2.jar;C:\Users\karan\.m2\repository\org\ow2\asm\asm\9.7.1\asm-9.7.1.jar
Launcher Type: SUN_STANDARD

[Global flags]
     intx CICompilerCount                          = 4                                         {product} {ergonomic}
     uint ConcGCThreads                            = 3                                         {product} {ergonomic}
     uint G1ConcRefinementThreads                  = 10                                        {product} {ergonomic}
   size_t G1HeapRegionSize                         = 1048576                                   {product} {ergonomic}
    uintx GCDrainStackTargetSize                   = 64                                        {product} {ergonomic}
   size_t InitialHeapSize                          = 98566144                                  {product} {ergonomic}
   size_t MarkStackSize                            = 4194304                                   {product} {ergonomic}
   size_t MaxHeapSize                              = 1572864000                                {product} {ergonomic}
   size_t MaxNewSize                               = 943718400                                 {product} {ergonomic}
   size_t MinHeapDeltaBytes                        = 1048576                                   {product} {ergonomic}
   size_t MinHeapSize                              = 8388608                                   {product} {ergonomic}
    uintx NonNMethodCodeHeapSize                   = 5839372                                {pd product} {ergonomic}
    uintx NonProfiledCodeHeapSize                  = 122909434                              {pd product} {ergonomic}
    uintx ProfiledCodeHeapSize                     = 122909434                              {pd product} {ergonomic}
    uintx ReservedCodeCacheSize                    = 251658240                              {pd product} {ergonomic}
     bool SegmentedCodeCache                       = true                                      {product} {ergonomic}
   size_t SoftMaxHeapSize                          = 1572864000                             {manageable} {ergonomic}
     bool UseCompressedOops                        = true                           {product lp64_product} {ergonomic}
     bool UseG1GC                                  = true                                      {product} {ergonomic}
     bool UseLargePagesIndividualAllocation        = false                                  {pd product} {ergonomic}

Logging:
Log output configuration:
 #0: stdout all=warning uptime,level,tags foldmultilines=false
 #1: stderr all=off uptime,level,tags foldmultilines=false

Environment Variables:
JAVA_HOME=C:\Program Files\Amazon Corretto\jdk17.0.13_11
PATH=C:\Program Files\Eclipse Adoptium\jdk-21.0.6.7-hotspot\bin;C:\Program Files\Amazon Corretto\jdk17.0.13_11\bin;C:\Program Files\Common Files\Oracle\Java\javapath;C:\Program Files (x86)\Common Files\Oracle\Java\java8path;C:\Program Files (x86)\Common Files\Oracle\Java\javapath;C:\Windows\system32;C:\Windows;C:\Windows\System32\Wbem;C:\Windows\System32\WindowsPowerShell\v1.0\;C:\Windows\System32\OpenSSH\;C:\Program Files (x86)\NVIDIA Corporation\PhysX\Common;C:\Program Files\NVIDIA Corporation\NVIDIA NvDLISR;C:\WINDOWS\system32;C:\WINDOWS;C:\WINDOWS\System32\Wbem;C:\WINDOWS\System32\WindowsPowerShell\v1.0\;C:\WINDOWS\System32\OpenSSH\;C:\Program Files\Java\jdk-21\bin;C:\Program Files\Docker\Docker\resources\bin;C:\Program Files\Kubernetes\Minikube;C:\Program Files\MongoDB\Server\8.0\bin;C:\ProgramData\chocolatey\bin;C:\Program Files\Vagrant\bin;C:\Program Files\Git\cmd;C:\ProgramData\chocolatey\lib\maven\apache-maven-3.9.9\bin;C:\Program Files\Amazon\AWSCLIV2\;C:\Program Files\nodejs\;C:\Users\karan\AppData\Local\Programs\Python\Python313\Scripts\;C:\Users\karan\AppData\Local\Programs\Python\Python313\;C:\Users\karan\AppData\Local\Programs\Python\Launcher\;C:\Program Files\MySQL\MySQL Shell 8.0\bin\;C:\Users\karan\AppData\Local\Microsoft\WindowsApps;C:\Users\karan\AppData\Local\Programs\Microsoft VS Code\bin;C:\Program Files\JetBrains\IntelliJ IDEA Community Edition 2024.1.4\bin;C:\Users\karan\Downloads\apache-maven-3.9.9-bin\apache-maven-3.9.9\bin;;C:\Program Files\JetBrains\PyCharm 2024.3.2\bin;;C:\Program Files\Oracle\VirtualBox;C:\Program Files\Eclipse Adoptium\jdk-21.0.6.7-hotspot\bin;C:\Users\karan\AppData\Roaming\npm;C:\Users\karan\AppData\Local\Google\Cloud SDK\google-cloud-sdk\bin;C:\Users\karan\AppData\Local\Programs\Python\Python313\Scripts;C:\Users\karan\Downloads\App (1)\App\src\main\config\sharp-voyage-455108-g3-7db03525263d.json;
USERNAME=karan
OS=Windows_NT
PROCESSOR_IDENTIFIER=AMD64 Family 25 Model 80 Stepping 0, AuthenticAMD
TMP=C:\Users\karan\AppData\Local\Temp
TEMP=C:\Users\karan\AppData\Local\Temp




Periodic native trim disabled

---------------  S Y S T E M  ---------------

OS:
 Windows 11 , 64 bit Build 22621 (10.0.22621.5124)
OS uptime: 3 days 23:06 hours
Hyper-V role detected

CPU: total 12 (initial active 12) (12 cores per cpu, 2 threads per core) family 25 model 80 stepping 0 microcode 0x0, cx8, cmov, fxsr, ht, mmx, 3dnowpref, sse, sse2, sse3, ssse3, sse4a, sse4.1, sse4.2, popcnt, lzcnt, tsc, tscinvbit, avx, avx2, aes, erms, clmul, bmi1, bmi2, adx, sha, fma, vzeroupper, clflush, clflushopt, hv, rdtscp, rdpid, fsrm, f16c, cet_ss
Processor Information for processor 0
  Max Mhz: 3301, Current Mhz: 3301, Mhz Limit: 3301
Processor Information for processor 1
  Max Mhz: 3301, Current Mhz: 3301, Mhz Limit: 3301
Processor Information for processor 2
  Max Mhz: 3301, Current Mhz: 3301, Mhz Limit: 3301
Processor Information for processor 3
  Max Mhz: 3301, Current Mhz: 3301, Mhz Limit: 3301
Processor Information for processor 4
  Max Mhz: 3301, Current Mhz: 3301, Mhz Limit: 3301
Processor Information for processor 5
  Max Mhz: 3301, Current Mhz: 3301, Mhz Limit: 3301
Processor Information for processor 6
  Max Mhz: 3301, Current Mhz: 3301, Mhz Limit: 3301
Processor Information for processor 7
  Max Mhz: 3301, Current Mhz: 3301, Mhz Limit: 3301
Processor Information for processor 8
  Max Mhz: 3301, Current Mhz: 1805, Mhz Limit: 3301
Processor Information for processor 9
  Max Mhz: 3301, Current Mhz: 1805, Mhz Limit: 3301
Processor Information for processor 10
  Max Mhz: 3301, Current Mhz: 1805, Mhz Limit: 3301
Processor Information for processor 11
  Max Mhz: 3301, Current Mhz: 1805, Mhz Limit: 3301

Memory: 4k page, system-wide physical 5996M (475M free)
TotalPageFile size 24428M (AvailPageFile size 96M)
current process WorkingSet (physical memory assigned to process): 256M, peak: 290M
current process commit charge ("private bytes"): 302M, peak: 333M

vm_info: OpenJDK 64-Bit Server VM (21.0.6+7-LTS) for windows-amd64 JRE (21.0.6+7-LTS), built on 2025-01-21T00:00:00Z by "admin" with MS VC++ 17.7 (VS2022)

END.
